# coal_cold_4port — generated by gen_traces.py
# port,rw,addr,size,delay
0,R,0x80040000,4,0
1,R,0x80040004,4,0
2,R,0x80040008,4,0
3,R,0x8004000c,4,0
0,R,0x80040040,4,0
1,R,0x80040044,4,0
2,R,0x80040048,4,0
3,R,0x8004004c,4,0
0,R,0x80040080,4,0
1,R,0x80040084,4,0
2,R,0x80040088,4,0
3,R,0x8004008c,4,0
0,R,0x800400c0,4,0
1,R,0x800400c4,4,0
2,R,0x800400c8,4,0
3,R,0x800400cc,4,0
0,R,0x80040100,4,0
1,R,0x80040104,4,0
2,R,0x80040108,4,0
3,R,0x8004010c,4,0
0,R,0x80040140,4,0
1,R,0x80040144,4,0
2,R,0x80040148,4,0
3,R,0x8004014c,4,0
0,R,0x80040180,4,0
1,R,0x80040184,4,0
2,R,0x80040188,4,0
3,R,0x8004018c,4,0
0,R,0x800401c0,4,0
1,R,0x800401c4,4,0
2,R,0x800401c8,4,0
3,R,0x800401cc,4,0
0,R,0x80040200,4,0
1,R,0x80040204,4,0
2,R,0x80040208,4,0
3,R,0x8004020c,4,0
0,R,0x80040240,4,0
1,R,0x80040244,4,0
2,R,0x80040248,4,0
3,R,0x8004024c,4,0
0,R,0x80040280,4,0
1,R,0x80040284,4,0
2,R,0x80040288,4,0
3,R,0x8004028c,4,0
0,R,0x800402c0,4,0
1,R,0x800402c4,4,0
2,R,0x800402c8,4,0
3,R,0x800402cc,4,0
0,R,0x80040300,4,0
1,R,0x80040304,4,0
2,R,0x80040308,4,0
3,R,0x8004030c,4,0
0,R,0x80040340,4,0
1,R,0x80040344,4,0
2,R,0x80040348,4,0
3,R,0x8004034c,4,0
0,R,0x80040380,4,0
1,R,0x80040384,4,0
2,R,0x80040388,4,0
3,R,0x8004038c,4,0
0,R,0x800403c0,4,0
1,R,0x800403c4,4,0
2,R,0x800403c8,4,0
3,R,0x800403cc,4,0
0,R,0x80040400,4,0
1,R,0x80040404,4,0
2,R,0x80040408,4,0
3,R,0x8004040c,4,0
0,R,0x80040440,4,0
1,R,0x80040444,4,0
2,R,0x80040448,4,0
3,R,0x8004044c,4,0
0,R,0x80040480,4,0
1,R,0x80040484,4,0
2,R,0x80040488,4,0
3,R,0x8004048c,4,0
0,R,0x800404c0,4,0
1,R,0x800404c4,4,0
2,R,0x800404c8,4,0
3,R,0x800404cc,4,0
0,R,0x80040500,4,0
1,R,0x80040504,4,0
2,R,0x80040508,4,0
3,R,0x8004050c,4,0
0,R,0x80040540,4,0
1,R,0x80040544,4,0
2,R,0x80040548,4,0
3,R,0x8004054c,4,0
0,R,0x80040580,4,0
1,R,0x80040584,4,0
2,R,0x80040588,4,0
3,R,0x8004058c,4,0
0,R,0x800405c0,4,0
1,R,0x800405c4,4,0
2,R,0x800405c8,4,0
3,R,0x800405cc,4,0
0,R,0x80040600,4,0
1,R,0x80040604,4,0
2,R,0x80040608,4,0
3,R,0x8004060c,4,0
0,R,0x80040640,4,0
1,R,0x80040644,4,0
2,R,0x80040648,4,0
3,R,0x8004064c,4,0
0,R,0x80040680,4,0
1,R,0x80040684,4,0
2,R,0x80040688,4,0
3,R,0x8004068c,4,0
0,R,0x800406c0,4,0
1,R,0x800406c4,4,0
2,R,0x800406c8,4,0
3,R,0x800406cc,4,0
0,R,0x80040700,4,0
1,R,0x80040704,4,0
2,R,0x80040708,4,0
3,R,0x8004070c,4,0
0,R,0x80040740,4,0
1,R,0x80040744,4,0
2,R,0x80040748,4,0
3,R,0x8004074c,4,0
0,R,0x80040780,4,0
1,R,0x80040784,4,0
2,R,0x80040788,4,0
3,R,0x8004078c,4,0
0,R,0x800407c0,4,0
1,R,0x800407c4,4,0
2,R,0x800407c8,4,0
3,R,0x800407cc,4,0
