# coal_warm_4port — generated by gen_traces.py
# port,rw,addr,size,delay
0,R,0x80050000,4,0
0,R,0x80050040,4,0
0,R,0x80050080,4,0
0,R,0x800500c0,4,0
0,R,0x80050100,4,0
0,R,0x80050140,4,0
0,R,0x80050180,4,0
0,R,0x800501c0,4,0
0,R,0x80050200,4,0
0,R,0x80050240,4,0
0,R,0x80050280,4,0
0,R,0x800502c0,4,0
0,R,0x80050300,4,0
0,R,0x80050340,4,0
0,R,0x80050380,4,0
0,R,0x800503c0,4,0
0,R,0x80050400,4,0
0,R,0x80050440,4,0
0,R,0x80050480,4,0
0,R,0x800504c0,4,0
0,R,0x80050500,4,0
0,R,0x80050540,4,0
0,R,0x80050580,4,0
0,R,0x800505c0,4,0
0,R,0x80050600,4,0
0,R,0x80050640,4,0
0,R,0x80050680,4,0
0,R,0x800506c0,4,0
0,R,0x80050700,4,0
0,R,0x80050740,4,0
0,R,0x80050780,4,0
0,R,0x800507c0,4,0
0,R,0x80050000,4,2500
1,R,0x80050004,4,2500
2,R,0x80050008,4,2500
3,R,0x8005000c,4,2500
0,R,0x80050040,4,0
1,R,0x80050044,4,0
2,R,0x80050048,4,0
3,R,0x8005004c,4,0
0,R,0x80050080,4,0
1,R,0x80050084,4,0
2,R,0x80050088,4,0
3,R,0x8005008c,4,0
0,R,0x800500c0,4,0
1,R,0x800500c4,4,0
2,R,0x800500c8,4,0
3,R,0x800500cc,4,0
0,R,0x80050100,4,0
1,R,0x80050104,4,0
2,R,0x80050108,4,0
3,R,0x8005010c,4,0
0,R,0x80050140,4,0
1,R,0x80050144,4,0
2,R,0x80050148,4,0
3,R,0x8005014c,4,0
0,R,0x80050180,4,0
1,R,0x80050184,4,0
2,R,0x80050188,4,0
3,R,0x8005018c,4,0
0,R,0x800501c0,4,0
1,R,0x800501c4,4,0
2,R,0x800501c8,4,0
3,R,0x800501cc,4,0
0,R,0x80050200,4,0
1,R,0x80050204,4,0
2,R,0x80050208,4,0
3,R,0x8005020c,4,0
0,R,0x80050240,4,0
1,R,0x80050244,4,0
2,R,0x80050248,4,0
3,R,0x8005024c,4,0
0,R,0x80050280,4,0
1,R,0x80050284,4,0
2,R,0x80050288,4,0
3,R,0x8005028c,4,0
0,R,0x800502c0,4,0
1,R,0x800502c4,4,0
2,R,0x800502c8,4,0
3,R,0x800502cc,4,0
0,R,0x80050300,4,0
1,R,0x80050304,4,0
2,R,0x80050308,4,0
3,R,0x8005030c,4,0
0,R,0x80050340,4,0
1,R,0x80050344,4,0
2,R,0x80050348,4,0
3,R,0x8005034c,4,0
0,R,0x80050380,4,0
1,R,0x80050384,4,0
2,R,0x80050388,4,0
3,R,0x8005038c,4,0
0,R,0x800503c0,4,0
1,R,0x800503c4,4,0
2,R,0x800503c8,4,0
3,R,0x800503cc,4,0
0,R,0x80050400,4,0
1,R,0x80050404,4,0
2,R,0x80050408,4,0
3,R,0x8005040c,4,0
0,R,0x80050440,4,0
1,R,0x80050444,4,0
2,R,0x80050448,4,0
3,R,0x8005044c,4,0
0,R,0x80050480,4,0
1,R,0x80050484,4,0
2,R,0x80050488,4,0
3,R,0x8005048c,4,0
0,R,0x800504c0,4,0
1,R,0x800504c4,4,0
2,R,0x800504c8,4,0
3,R,0x800504cc,4,0
0,R,0x80050500,4,0
1,R,0x80050504,4,0
2,R,0x80050508,4,0
3,R,0x8005050c,4,0
0,R,0x80050540,4,0
1,R,0x80050544,4,0
2,R,0x80050548,4,0
3,R,0x8005054c,4,0
0,R,0x80050580,4,0
1,R,0x80050584,4,0
2,R,0x80050588,4,0
3,R,0x8005058c,4,0
0,R,0x800505c0,4,0
1,R,0x800505c4,4,0
2,R,0x800505c8,4,0
3,R,0x800505cc,4,0
0,R,0x80050600,4,0
1,R,0x80050604,4,0
2,R,0x80050608,4,0
3,R,0x8005060c,4,0
0,R,0x80050640,4,0
1,R,0x80050644,4,0
2,R,0x80050648,4,0
3,R,0x8005064c,4,0
0,R,0x80050680,4,0
1,R,0x80050684,4,0
2,R,0x80050688,4,0
3,R,0x8005068c,4,0
0,R,0x800506c0,4,0
1,R,0x800506c4,4,0
2,R,0x800506c8,4,0
3,R,0x800506cc,4,0
0,R,0x80050700,4,0
1,R,0x80050704,4,0
2,R,0x80050708,4,0
3,R,0x8005070c,4,0
0,R,0x80050740,4,0
1,R,0x80050744,4,0
2,R,0x80050748,4,0
3,R,0x8005074c,4,0
0,R,0x80050780,4,0
1,R,0x80050784,4,0
2,R,0x80050788,4,0
3,R,0x8005078c,4,0
0,R,0x800507c0,4,0
1,R,0x800507c4,4,0
2,R,0x800507c8,4,0
3,R,0x800507cc,4,0
