# cold_stream_1p — generated by gen_traces.py
# port,rw,addr,size,delay
0,R,0x80000000,4,0
0,R,0x80000040,4,0
0,R,0x80000080,4,0
0,R,0x800000c0,4,0
0,R,0x80000100,4,0
0,R,0x80000140,4,0
0,R,0x80000180,4,0
0,R,0x800001c0,4,0
0,R,0x80000200,4,0
0,R,0x80000240,4,0
0,R,0x80000280,4,0
0,R,0x800002c0,4,0
0,R,0x80000300,4,0
0,R,0x80000340,4,0
0,R,0x80000380,4,0
0,R,0x800003c0,4,0
0,R,0x80000400,4,0
0,R,0x80000440,4,0
0,R,0x80000480,4,0
0,R,0x800004c0,4,0
0,R,0x80000500,4,0
0,R,0x80000540,4,0
0,R,0x80000580,4,0
0,R,0x800005c0,4,0
0,R,0x80000600,4,0
0,R,0x80000640,4,0
0,R,0x80000680,4,0
0,R,0x800006c0,4,0
0,R,0x80000700,4,0
0,R,0x80000740,4,0
0,R,0x80000780,4,0
0,R,0x800007c0,4,0
0,R,0x80000800,4,0
0,R,0x80000840,4,0
0,R,0x80000880,4,0
0,R,0x800008c0,4,0
0,R,0x80000900,4,0
0,R,0x80000940,4,0
0,R,0x80000980,4,0
0,R,0x800009c0,4,0
0,R,0x80000a00,4,0
0,R,0x80000a40,4,0
0,R,0x80000a80,4,0
0,R,0x80000ac0,4,0
0,R,0x80000b00,4,0
0,R,0x80000b40,4,0
0,R,0x80000b80,4,0
0,R,0x80000bc0,4,0
0,R,0x80000c00,4,0
0,R,0x80000c40,4,0
0,R,0x80000c80,4,0
0,R,0x80000cc0,4,0
0,R,0x80000d00,4,0
0,R,0x80000d40,4,0
0,R,0x80000d80,4,0
0,R,0x80000dc0,4,0
0,R,0x80000e00,4,0
0,R,0x80000e40,4,0
0,R,0x80000e80,4,0
0,R,0x80000ec0,4,0
0,R,0x80000f00,4,0
0,R,0x80000f40,4,0
0,R,0x80000f80,4,0
0,R,0x80000fc0,4,0
