# cold_stream_long — generated by gen_traces.py
# port,rw,addr,size,delay
0,R,0x80000000,4,0
0,R,0x80000040,4,0
0,R,0x80000080,4,0
0,R,0x800000c0,4,0
0,R,0x80000100,4,0
0,R,0x80000140,4,0
0,R,0x80000180,4,0
0,R,0x800001c0,4,0
0,R,0x80000200,4,0
0,R,0x80000240,4,0
0,R,0x80000280,4,0
0,R,0x800002c0,4,0
0,R,0x80000300,4,0
0,R,0x80000340,4,0
0,R,0x80000380,4,0
0,R,0x800003c0,4,0
0,R,0x80000400,4,0
0,R,0x80000440,4,0
0,R,0x80000480,4,0
0,R,0x800004c0,4,0
0,R,0x80000500,4,0
0,R,0x80000540,4,0
0,R,0x80000580,4,0
0,R,0x800005c0,4,0
0,R,0x80000600,4,0
0,R,0x80000640,4,0
0,R,0x80000680,4,0
0,R,0x800006c0,4,0
0,R,0x80000700,4,0
0,R,0x80000740,4,0
0,R,0x80000780,4,0
0,R,0x800007c0,4,0
0,R,0x80000800,4,0
0,R,0x80000840,4,0
0,R,0x80000880,4,0
0,R,0x800008c0,4,0
0,R,0x80000900,4,0
0,R,0x80000940,4,0
0,R,0x80000980,4,0
0,R,0x800009c0,4,0
0,R,0x80000a00,4,0
0,R,0x80000a40,4,0
0,R,0x80000a80,4,0
0,R,0x80000ac0,4,0
0,R,0x80000b00,4,0
0,R,0x80000b40,4,0
0,R,0x80000b80,4,0
0,R,0x80000bc0,4,0
0,R,0x80000c00,4,0
0,R,0x80000c40,4,0
0,R,0x80000c80,4,0
0,R,0x80000cc0,4,0
0,R,0x80000d00,4,0
0,R,0x80000d40,4,0
0,R,0x80000d80,4,0
0,R,0x80000dc0,4,0
0,R,0x80000e00,4,0
0,R,0x80000e40,4,0
0,R,0x80000e80,4,0
0,R,0x80000ec0,4,0
0,R,0x80000f00,4,0
0,R,0x80000f40,4,0
0,R,0x80000f80,4,0
0,R,0x80000fc0,4,0
0,R,0x80001000,4,0
0,R,0x80001040,4,0
0,R,0x80001080,4,0
0,R,0x800010c0,4,0
0,R,0x80001100,4,0
0,R,0x80001140,4,0
0,R,0x80001180,4,0
0,R,0x800011c0,4,0
0,R,0x80001200,4,0
0,R,0x80001240,4,0
0,R,0x80001280,4,0
0,R,0x800012c0,4,0
0,R,0x80001300,4,0
0,R,0x80001340,4,0
0,R,0x80001380,4,0
0,R,0x800013c0,4,0
0,R,0x80001400,4,0
0,R,0x80001440,4,0
0,R,0x80001480,4,0
0,R,0x800014c0,4,0
0,R,0x80001500,4,0
0,R,0x80001540,4,0
0,R,0x80001580,4,0
0,R,0x800015c0,4,0
0,R,0x80001600,4,0
0,R,0x80001640,4,0
0,R,0x80001680,4,0
0,R,0x800016c0,4,0
0,R,0x80001700,4,0
0,R,0x80001740,4,0
0,R,0x80001780,4,0
0,R,0x800017c0,4,0
0,R,0x80001800,4,0
0,R,0x80001840,4,0
0,R,0x80001880,4,0
0,R,0x800018c0,4,0
0,R,0x80001900,4,0
0,R,0x80001940,4,0
0,R,0x80001980,4,0
0,R,0x800019c0,4,0
0,R,0x80001a00,4,0
0,R,0x80001a40,4,0
0,R,0x80001a80,4,0
0,R,0x80001ac0,4,0
0,R,0x80001b00,4,0
0,R,0x80001b40,4,0
0,R,0x80001b80,4,0
0,R,0x80001bc0,4,0
0,R,0x80001c00,4,0
0,R,0x80001c40,4,0
0,R,0x80001c80,4,0
0,R,0x80001cc0,4,0
0,R,0x80001d00,4,0
0,R,0x80001d40,4,0
0,R,0x80001d80,4,0
0,R,0x80001dc0,4,0
0,R,0x80001e00,4,0
0,R,0x80001e40,4,0
0,R,0x80001e80,4,0
0,R,0x80001ec0,4,0
0,R,0x80001f00,4,0
0,R,0x80001f40,4,0
0,R,0x80001f80,4,0
0,R,0x80001fc0,4,0
0,R,0x80002000,4,0
0,R,0x80002040,4,0
0,R,0x80002080,4,0
0,R,0x800020c0,4,0
0,R,0x80002100,4,0
0,R,0x80002140,4,0
0,R,0x80002180,4,0
0,R,0x800021c0,4,0
0,R,0x80002200,4,0
0,R,0x80002240,4,0
0,R,0x80002280,4,0
0,R,0x800022c0,4,0
0,R,0x80002300,4,0
0,R,0x80002340,4,0
0,R,0x80002380,4,0
0,R,0x800023c0,4,0
0,R,0x80002400,4,0
0,R,0x80002440,4,0
0,R,0x80002480,4,0
0,R,0x800024c0,4,0
0,R,0x80002500,4,0
0,R,0x80002540,4,0
0,R,0x80002580,4,0
0,R,0x800025c0,4,0
0,R,0x80002600,4,0
0,R,0x80002640,4,0
0,R,0x80002680,4,0
0,R,0x800026c0,4,0
0,R,0x80002700,4,0
0,R,0x80002740,4,0
0,R,0x80002780,4,0
0,R,0x800027c0,4,0
0,R,0x80002800,4,0
0,R,0x80002840,4,0
0,R,0x80002880,4,0
0,R,0x800028c0,4,0
0,R,0x80002900,4,0
0,R,0x80002940,4,0
0,R,0x80002980,4,0
0,R,0x800029c0,4,0
0,R,0x80002a00,4,0
0,R,0x80002a40,4,0
0,R,0x80002a80,4,0
0,R,0x80002ac0,4,0
0,R,0x80002b00,4,0
0,R,0x80002b40,4,0
0,R,0x80002b80,4,0
0,R,0x80002bc0,4,0
0,R,0x80002c00,4,0
0,R,0x80002c40,4,0
0,R,0x80002c80,4,0
0,R,0x80002cc0,4,0
0,R,0x80002d00,4,0
0,R,0x80002d40,4,0
0,R,0x80002d80,4,0
0,R,0x80002dc0,4,0
0,R,0x80002e00,4,0
0,R,0x80002e40,4,0
0,R,0x80002e80,4,0
0,R,0x80002ec0,4,0
0,R,0x80002f00,4,0
0,R,0x80002f40,4,0
0,R,0x80002f80,4,0
0,R,0x80002fc0,4,0
0,R,0x80003000,4,0
0,R,0x80003040,4,0
0,R,0x80003080,4,0
0,R,0x800030c0,4,0
0,R,0x80003100,4,0
0,R,0x80003140,4,0
0,R,0x80003180,4,0
0,R,0x800031c0,4,0
0,R,0x80003200,4,0
0,R,0x80003240,4,0
0,R,0x80003280,4,0
0,R,0x800032c0,4,0
0,R,0x80003300,4,0
0,R,0x80003340,4,0
0,R,0x80003380,4,0
0,R,0x800033c0,4,0
0,R,0x80003400,4,0
0,R,0x80003440,4,0
0,R,0x80003480,4,0
0,R,0x800034c0,4,0
0,R,0x80003500,4,0
0,R,0x80003540,4,0
0,R,0x80003580,4,0
0,R,0x800035c0,4,0
0,R,0x80003600,4,0
0,R,0x80003640,4,0
0,R,0x80003680,4,0
0,R,0x800036c0,4,0
0,R,0x80003700,4,0
0,R,0x80003740,4,0
0,R,0x80003780,4,0
0,R,0x800037c0,4,0
0,R,0x80003800,4,0
0,R,0x80003840,4,0
0,R,0x80003880,4,0
0,R,0x800038c0,4,0
0,R,0x80003900,4,0
0,R,0x80003940,4,0
0,R,0x80003980,4,0
0,R,0x800039c0,4,0
0,R,0x80003a00,4,0
0,R,0x80003a40,4,0
0,R,0x80003a80,4,0
0,R,0x80003ac0,4,0
0,R,0x80003b00,4,0
0,R,0x80003b40,4,0
0,R,0x80003b80,4,0
0,R,0x80003bc0,4,0
0,R,0x80003c00,4,0
0,R,0x80003c40,4,0
0,R,0x80003c80,4,0
0,R,0x80003cc0,4,0
0,R,0x80003d00,4,0
0,R,0x80003d40,4,0
0,R,0x80003d80,4,0
0,R,0x80003dc0,4,0
0,R,0x80003e00,4,0
0,R,0x80003e40,4,0
0,R,0x80003e80,4,0
0,R,0x80003ec0,4,0
0,R,0x80003f00,4,0
0,R,0x80003f40,4,0
0,R,0x80003f80,4,0
0,R,0x80003fc0,4,0
0,R,0x80004000,4,0
0,R,0x80004040,4,0
0,R,0x80004080,4,0
0,R,0x800040c0,4,0
0,R,0x80004100,4,0
0,R,0x80004140,4,0
0,R,0x80004180,4,0
0,R,0x800041c0,4,0
0,R,0x80004200,4,0
0,R,0x80004240,4,0
0,R,0x80004280,4,0
0,R,0x800042c0,4,0
0,R,0x80004300,4,0
0,R,0x80004340,4,0
0,R,0x80004380,4,0
0,R,0x800043c0,4,0
0,R,0x80004400,4,0
0,R,0x80004440,4,0
0,R,0x80004480,4,0
0,R,0x800044c0,4,0
0,R,0x80004500,4,0
0,R,0x80004540,4,0
0,R,0x80004580,4,0
0,R,0x800045c0,4,0
0,R,0x80004600,4,0
0,R,0x80004640,4,0
0,R,0x80004680,4,0
0,R,0x800046c0,4,0
0,R,0x80004700,4,0
0,R,0x80004740,4,0
0,R,0x80004780,4,0
0,R,0x800047c0,4,0
0,R,0x80004800,4,0
0,R,0x80004840,4,0
0,R,0x80004880,4,0
0,R,0x800048c0,4,0
0,R,0x80004900,4,0
0,R,0x80004940,4,0
0,R,0x80004980,4,0
0,R,0x800049c0,4,0
0,R,0x80004a00,4,0
0,R,0x80004a40,4,0
0,R,0x80004a80,4,0
0,R,0x80004ac0,4,0
0,R,0x80004b00,4,0
0,R,0x80004b40,4,0
0,R,0x80004b80,4,0
0,R,0x80004bc0,4,0
0,R,0x80004c00,4,0
0,R,0x80004c40,4,0
0,R,0x80004c80,4,0
0,R,0x80004cc0,4,0
0,R,0x80004d00,4,0
0,R,0x80004d40,4,0
0,R,0x80004d80,4,0
0,R,0x80004dc0,4,0
0,R,0x80004e00,4,0
0,R,0x80004e40,4,0
0,R,0x80004e80,4,0
0,R,0x80004ec0,4,0
0,R,0x80004f00,4,0
0,R,0x80004f40,4,0
0,R,0x80004f80,4,0
0,R,0x80004fc0,4,0
0,R,0x80005000,4,0
0,R,0x80005040,4,0
0,R,0x80005080,4,0
0,R,0x800050c0,4,0
0,R,0x80005100,4,0
0,R,0x80005140,4,0
0,R,0x80005180,4,0
0,R,0x800051c0,4,0
0,R,0x80005200,4,0
0,R,0x80005240,4,0
0,R,0x80005280,4,0
0,R,0x800052c0,4,0
0,R,0x80005300,4,0
0,R,0x80005340,4,0
0,R,0x80005380,4,0
0,R,0x800053c0,4,0
0,R,0x80005400,4,0
0,R,0x80005440,4,0
0,R,0x80005480,4,0
0,R,0x800054c0,4,0
0,R,0x80005500,4,0
0,R,0x80005540,4,0
0,R,0x80005580,4,0
0,R,0x800055c0,4,0
0,R,0x80005600,4,0
0,R,0x80005640,4,0
0,R,0x80005680,4,0
0,R,0x800056c0,4,0
0,R,0x80005700,4,0
0,R,0x80005740,4,0
0,R,0x80005780,4,0
0,R,0x800057c0,4,0
0,R,0x80005800,4,0
0,R,0x80005840,4,0
0,R,0x80005880,4,0
0,R,0x800058c0,4,0
0,R,0x80005900,4,0
0,R,0x80005940,4,0
0,R,0x80005980,4,0
0,R,0x800059c0,4,0
0,R,0x80005a00,4,0
0,R,0x80005a40,4,0
0,R,0x80005a80,4,0
0,R,0x80005ac0,4,0
0,R,0x80005b00,4,0
0,R,0x80005b40,4,0
0,R,0x80005b80,4,0
0,R,0x80005bc0,4,0
0,R,0x80005c00,4,0
0,R,0x80005c40,4,0
0,R,0x80005c80,4,0
0,R,0x80005cc0,4,0
0,R,0x80005d00,4,0
0,R,0x80005d40,4,0
0,R,0x80005d80,4,0
0,R,0x80005dc0,4,0
0,R,0x80005e00,4,0
0,R,0x80005e40,4,0
0,R,0x80005e80,4,0
0,R,0x80005ec0,4,0
0,R,0x80005f00,4,0
0,R,0x80005f40,4,0
0,R,0x80005f80,4,0
0,R,0x80005fc0,4,0
0,R,0x80006000,4,0
0,R,0x80006040,4,0
0,R,0x80006080,4,0
0,R,0x800060c0,4,0
0,R,0x80006100,4,0
0,R,0x80006140,4,0
0,R,0x80006180,4,0
0,R,0x800061c0,4,0
0,R,0x80006200,4,0
0,R,0x80006240,4,0
0,R,0x80006280,4,0
0,R,0x800062c0,4,0
0,R,0x80006300,4,0
0,R,0x80006340,4,0
0,R,0x80006380,4,0
0,R,0x800063c0,4,0
0,R,0x80006400,4,0
0,R,0x80006440,4,0
0,R,0x80006480,4,0
0,R,0x800064c0,4,0
0,R,0x80006500,4,0
0,R,0x80006540,4,0
0,R,0x80006580,4,0
0,R,0x800065c0,4,0
0,R,0x80006600,4,0
0,R,0x80006640,4,0
0,R,0x80006680,4,0
0,R,0x800066c0,4,0
0,R,0x80006700,4,0
0,R,0x80006740,4,0
0,R,0x80006780,4,0
0,R,0x800067c0,4,0
0,R,0x80006800,4,0
0,R,0x80006840,4,0
0,R,0x80006880,4,0
0,R,0x800068c0,4,0
0,R,0x80006900,4,0
0,R,0x80006940,4,0
0,R,0x80006980,4,0
0,R,0x800069c0,4,0
0,R,0x80006a00,4,0
0,R,0x80006a40,4,0
0,R,0x80006a80,4,0
0,R,0x80006ac0,4,0
0,R,0x80006b00,4,0
0,R,0x80006b40,4,0
0,R,0x80006b80,4,0
0,R,0x80006bc0,4,0
0,R,0x80006c00,4,0
0,R,0x80006c40,4,0
0,R,0x80006c80,4,0
0,R,0x80006cc0,4,0
0,R,0x80006d00,4,0
0,R,0x80006d40,4,0
0,R,0x80006d80,4,0
0,R,0x80006dc0,4,0
0,R,0x80006e00,4,0
0,R,0x80006e40,4,0
0,R,0x80006e80,4,0
0,R,0x80006ec0,4,0
0,R,0x80006f00,4,0
0,R,0x80006f40,4,0
0,R,0x80006f80,4,0
0,R,0x80006fc0,4,0
0,R,0x80007000,4,0
0,R,0x80007040,4,0
0,R,0x80007080,4,0
0,R,0x800070c0,4,0
0,R,0x80007100,4,0
0,R,0x80007140,4,0
0,R,0x80007180,4,0
0,R,0x800071c0,4,0
0,R,0x80007200,4,0
0,R,0x80007240,4,0
0,R,0x80007280,4,0
0,R,0x800072c0,4,0
0,R,0x80007300,4,0
0,R,0x80007340,4,0
0,R,0x80007380,4,0
0,R,0x800073c0,4,0
0,R,0x80007400,4,0
0,R,0x80007440,4,0
0,R,0x80007480,4,0
0,R,0x800074c0,4,0
0,R,0x80007500,4,0
0,R,0x80007540,4,0
0,R,0x80007580,4,0
0,R,0x800075c0,4,0
0,R,0x80007600,4,0
0,R,0x80007640,4,0
0,R,0x80007680,4,0
0,R,0x800076c0,4,0
0,R,0x80007700,4,0
0,R,0x80007740,4,0
0,R,0x80007780,4,0
0,R,0x800077c0,4,0
0,R,0x80007800,4,0
0,R,0x80007840,4,0
0,R,0x80007880,4,0
0,R,0x800078c0,4,0
0,R,0x80007900,4,0
0,R,0x80007940,4,0
0,R,0x80007980,4,0
0,R,0x800079c0,4,0
0,R,0x80007a00,4,0
0,R,0x80007a40,4,0
0,R,0x80007a80,4,0
0,R,0x80007ac0,4,0
0,R,0x80007b00,4,0
0,R,0x80007b40,4,0
0,R,0x80007b80,4,0
0,R,0x80007bc0,4,0
0,R,0x80007c00,4,0
0,R,0x80007c40,4,0
0,R,0x80007c80,4,0
0,R,0x80007cc0,4,0
0,R,0x80007d00,4,0
0,R,0x80007d40,4,0
0,R,0x80007d80,4,0
0,R,0x80007dc0,4,0
0,R,0x80007e00,4,0
0,R,0x80007e40,4,0
0,R,0x80007e80,4,0
0,R,0x80007ec0,4,0
0,R,0x80007f00,4,0
0,R,0x80007f40,4,0
0,R,0x80007f80,4,0
0,R,0x80007fc0,4,0
