# evict_wb_miss_stream — generated by gen_traces.py
# port,rw,addr,size,delay
0,W,0x80300000,4,0
0,W,0x80300040,4,0
0,W,0x80300080,4,0
0,W,0x803000c0,4,0
0,W,0x80300100,4,0
0,W,0x80300140,4,0
0,W,0x80300180,4,0
0,W,0x803001c0,4,0
0,W,0x80300200,4,0
0,W,0x80300240,4,0
0,W,0x80300280,4,0
0,W,0x803002c0,4,0
0,W,0x80300300,4,0
0,W,0x80300340,4,0
0,W,0x80300380,4,0
0,W,0x803003c0,4,0
0,W,0x80300400,4,0
0,W,0x80300440,4,0
0,W,0x80300480,4,0
0,W,0x803004c0,4,0
0,W,0x80300500,4,0
0,W,0x80300540,4,0
0,W,0x80300580,4,0
0,W,0x803005c0,4,0
0,W,0x80300600,4,0
0,W,0x80300640,4,0
0,W,0x80300680,4,0
0,W,0x803006c0,4,0
0,W,0x80300700,4,0
0,W,0x80300740,4,0
0,W,0x80300780,4,0
0,W,0x803007c0,4,0
0,W,0x80300800,4,0
0,W,0x80300840,4,0
0,W,0x80300880,4,0
0,W,0x803008c0,4,0
0,W,0x80300900,4,0
0,W,0x80300940,4,0
0,W,0x80300980,4,0
0,W,0x803009c0,4,0
0,W,0x80300a00,4,0
0,W,0x80300a40,4,0
0,W,0x80300a80,4,0
0,W,0x80300ac0,4,0
0,W,0x80300b00,4,0
0,W,0x80300b40,4,0
0,W,0x80300b80,4,0
0,W,0x80300bc0,4,0
0,W,0x80300c00,4,0
0,W,0x80300c40,4,0
0,W,0x80300c80,4,0
0,W,0x80300cc0,4,0
0,W,0x80300d00,4,0
0,W,0x80300d40,4,0
0,W,0x80300d80,4,0
0,W,0x80300dc0,4,0
0,W,0x80300e00,4,0
0,W,0x80300e40,4,0
0,W,0x80300e80,4,0
0,W,0x80300ec0,4,0
0,W,0x80300f00,4,0
0,W,0x80300f40,4,0
0,W,0x80300f80,4,0
0,W,0x80300fc0,4,0
0,W,0x80301000,4,0
0,W,0x80301040,4,0
0,W,0x80301080,4,0
0,W,0x803010c0,4,0
0,W,0x80301100,4,0
0,W,0x80301140,4,0
0,W,0x80301180,4,0
0,W,0x803011c0,4,0
0,W,0x80301200,4,0
0,W,0x80301240,4,0
0,W,0x80301280,4,0
0,W,0x803012c0,4,0
0,W,0x80301300,4,0
0,W,0x80301340,4,0
0,W,0x80301380,4,0
0,W,0x803013c0,4,0
0,W,0x80301400,4,0
0,W,0x80301440,4,0
0,W,0x80301480,4,0
0,W,0x803014c0,4,0
0,W,0x80301500,4,0
0,W,0x80301540,4,0
0,W,0x80301580,4,0
0,W,0x803015c0,4,0
0,W,0x80301600,4,0
0,W,0x80301640,4,0
0,W,0x80301680,4,0
0,W,0x803016c0,4,0
0,W,0x80301700,4,0
0,W,0x80301740,4,0
0,W,0x80301780,4,0
0,W,0x803017c0,4,0
0,W,0x80301800,4,0
0,W,0x80301840,4,0
0,W,0x80301880,4,0
0,W,0x803018c0,4,0
0,W,0x80301900,4,0
0,W,0x80301940,4,0
0,W,0x80301980,4,0
0,W,0x803019c0,4,0
0,W,0x80301a00,4,0
0,W,0x80301a40,4,0
0,W,0x80301a80,4,0
0,W,0x80301ac0,4,0
0,W,0x80301b00,4,0
0,W,0x80301b40,4,0
0,W,0x80301b80,4,0
0,W,0x80301bc0,4,0
0,W,0x80301c00,4,0
0,W,0x80301c40,4,0
0,W,0x80301c80,4,0
0,W,0x80301cc0,4,0
0,W,0x80301d00,4,0
0,W,0x80301d40,4,0
0,W,0x80301d80,4,0
0,W,0x80301dc0,4,0
0,W,0x80301e00,4,0
0,W,0x80301e40,4,0
0,W,0x80301e80,4,0
0,W,0x80301ec0,4,0
0,W,0x80301f00,4,0
0,W,0x80301f40,4,0
0,W,0x80301f80,4,0
0,W,0x80301fc0,4,0
0,W,0x80302000,4,0
0,W,0x80302040,4,0
0,W,0x80302080,4,0
0,W,0x803020c0,4,0
0,W,0x80302100,4,0
0,W,0x80302140,4,0
0,W,0x80302180,4,0
0,W,0x803021c0,4,0
0,W,0x80302200,4,0
0,W,0x80302240,4,0
0,W,0x80302280,4,0
0,W,0x803022c0,4,0
0,W,0x80302300,4,0
0,W,0x80302340,4,0
0,W,0x80302380,4,0
0,W,0x803023c0,4,0
0,W,0x80302400,4,0
0,W,0x80302440,4,0
0,W,0x80302480,4,0
0,W,0x803024c0,4,0
0,W,0x80302500,4,0
0,W,0x80302540,4,0
0,W,0x80302580,4,0
0,W,0x803025c0,4,0
0,W,0x80302600,4,0
0,W,0x80302640,4,0
0,W,0x80302680,4,0
0,W,0x803026c0,4,0
0,W,0x80302700,4,0
0,W,0x80302740,4,0
0,W,0x80302780,4,0
0,W,0x803027c0,4,0
0,W,0x80302800,4,0
0,W,0x80302840,4,0
0,W,0x80302880,4,0
0,W,0x803028c0,4,0
0,W,0x80302900,4,0
0,W,0x80302940,4,0
0,W,0x80302980,4,0
0,W,0x803029c0,4,0
0,W,0x80302a00,4,0
0,W,0x80302a40,4,0
0,W,0x80302a80,4,0
0,W,0x80302ac0,4,0
0,W,0x80302b00,4,0
0,W,0x80302b40,4,0
0,W,0x80302b80,4,0
0,W,0x80302bc0,4,0
0,W,0x80302c00,4,0
0,W,0x80302c40,4,0
0,W,0x80302c80,4,0
0,W,0x80302cc0,4,0
0,W,0x80302d00,4,0
0,W,0x80302d40,4,0
0,W,0x80302d80,4,0
0,W,0x80302dc0,4,0
0,W,0x80302e00,4,0
0,W,0x80302e40,4,0
0,W,0x80302e80,4,0
0,W,0x80302ec0,4,0
0,W,0x80302f00,4,0
0,W,0x80302f40,4,0
0,W,0x80302f80,4,0
0,W,0x80302fc0,4,0
0,W,0x80303000,4,0
0,W,0x80303040,4,0
0,W,0x80303080,4,0
0,W,0x803030c0,4,0
0,W,0x80303100,4,0
0,W,0x80303140,4,0
0,W,0x80303180,4,0
0,W,0x803031c0,4,0
0,W,0x80303200,4,0
0,W,0x80303240,4,0
0,W,0x80303280,4,0
0,W,0x803032c0,4,0
0,W,0x80303300,4,0
0,W,0x80303340,4,0
0,W,0x80303380,4,0
0,W,0x803033c0,4,0
0,W,0x80303400,4,0
0,W,0x80303440,4,0
0,W,0x80303480,4,0
0,W,0x803034c0,4,0
0,W,0x80303500,4,0
0,W,0x80303540,4,0
0,W,0x80303580,4,0
0,W,0x803035c0,4,0
0,W,0x80303600,4,0
0,W,0x80303640,4,0
0,W,0x80303680,4,0
0,W,0x803036c0,4,0
0,W,0x80303700,4,0
0,W,0x80303740,4,0
0,W,0x80303780,4,0
0,W,0x803037c0,4,0
0,W,0x80303800,4,0
0,W,0x80303840,4,0
0,W,0x80303880,4,0
0,W,0x803038c0,4,0
0,W,0x80303900,4,0
0,W,0x80303940,4,0
0,W,0x80303980,4,0
0,W,0x803039c0,4,0
0,W,0x80303a00,4,0
0,W,0x80303a40,4,0
0,W,0x80303a80,4,0
0,W,0x80303ac0,4,0
0,W,0x80303b00,4,0
0,W,0x80303b40,4,0
0,W,0x80303b80,4,0
0,W,0x80303bc0,4,0
0,W,0x80303c00,4,0
0,W,0x80303c40,4,0
0,W,0x80303c80,4,0
0,W,0x80303cc0,4,0
0,W,0x80303d00,4,0
0,W,0x80303d40,4,0
0,W,0x80303d80,4,0
0,W,0x80303dc0,4,0
0,W,0x80303e00,4,0
0,W,0x80303e40,4,0
0,W,0x80303e80,4,0
0,W,0x80303ec0,4,0
0,W,0x80303f00,4,0
0,W,0x80303f40,4,0
0,W,0x80303f80,4,0
0,W,0x80303fc0,4,0
0,W,0x80304000,4,0
0,W,0x80304040,4,0
0,W,0x80304080,4,0
0,W,0x803040c0,4,0
0,W,0x80304100,4,0
0,W,0x80304140,4,0
0,W,0x80304180,4,0
0,W,0x803041c0,4,0
0,W,0x80304200,4,0
0,W,0x80304240,4,0
0,W,0x80304280,4,0
0,W,0x803042c0,4,0
0,W,0x80304300,4,0
0,W,0x80304340,4,0
0,W,0x80304380,4,0
0,W,0x803043c0,4,0
0,W,0x80304400,4,0
0,W,0x80304440,4,0
0,W,0x80304480,4,0
0,W,0x803044c0,4,0
0,W,0x80304500,4,0
0,W,0x80304540,4,0
0,W,0x80304580,4,0
0,W,0x803045c0,4,0
0,W,0x80304600,4,0
0,W,0x80304640,4,0
0,W,0x80304680,4,0
0,W,0x803046c0,4,0
0,W,0x80304700,4,0
0,W,0x80304740,4,0
0,W,0x80304780,4,0
0,W,0x803047c0,4,0
0,W,0x80304800,4,0
0,W,0x80304840,4,0
0,W,0x80304880,4,0
0,W,0x803048c0,4,0
0,W,0x80304900,4,0
0,W,0x80304940,4,0
0,W,0x80304980,4,0
0,W,0x803049c0,4,0
0,W,0x80304a00,4,0
0,W,0x80304a40,4,0
0,W,0x80304a80,4,0
0,W,0x80304ac0,4,0
0,W,0x80304b00,4,0
0,W,0x80304b40,4,0
0,W,0x80304b80,4,0
0,W,0x80304bc0,4,0
0,W,0x80304c00,4,0
0,W,0x80304c40,4,0
0,W,0x80304c80,4,0
0,W,0x80304cc0,4,0
0,W,0x80304d00,4,0
0,W,0x80304d40,4,0
0,W,0x80304d80,4,0
0,W,0x80304dc0,4,0
0,W,0x80304e00,4,0
0,W,0x80304e40,4,0
0,W,0x80304e80,4,0
0,W,0x80304ec0,4,0
0,W,0x80304f00,4,0
0,W,0x80304f40,4,0
0,W,0x80304f80,4,0
0,W,0x80304fc0,4,0
0,W,0x80305000,4,0
0,W,0x80305040,4,0
0,W,0x80305080,4,0
0,W,0x803050c0,4,0
0,W,0x80305100,4,0
0,W,0x80305140,4,0
0,W,0x80305180,4,0
0,W,0x803051c0,4,0
0,W,0x80305200,4,0
0,W,0x80305240,4,0
0,W,0x80305280,4,0
0,W,0x803052c0,4,0
0,W,0x80305300,4,0
0,W,0x80305340,4,0
0,W,0x80305380,4,0
0,W,0x803053c0,4,0
0,W,0x80305400,4,0
0,W,0x80305440,4,0
0,W,0x80305480,4,0
0,W,0x803054c0,4,0
0,W,0x80305500,4,0
0,W,0x80305540,4,0
0,W,0x80305580,4,0
0,W,0x803055c0,4,0
0,W,0x80305600,4,0
0,W,0x80305640,4,0
0,W,0x80305680,4,0
0,W,0x803056c0,4,0
0,W,0x80305700,4,0
0,W,0x80305740,4,0
0,W,0x80305780,4,0
0,W,0x803057c0,4,0
0,W,0x80305800,4,0
0,W,0x80305840,4,0
0,W,0x80305880,4,0
0,W,0x803058c0,4,0
0,W,0x80305900,4,0
0,W,0x80305940,4,0
0,W,0x80305980,4,0
0,W,0x803059c0,4,0
0,W,0x80305a00,4,0
0,W,0x80305a40,4,0
0,W,0x80305a80,4,0
0,W,0x80305ac0,4,0
0,W,0x80305b00,4,0
0,W,0x80305b40,4,0
0,W,0x80305b80,4,0
0,W,0x80305bc0,4,0
0,W,0x80305c00,4,0
0,W,0x80305c40,4,0
0,W,0x80305c80,4,0
0,W,0x80305cc0,4,0
0,W,0x80305d00,4,0
0,W,0x80305d40,4,0
0,W,0x80305d80,4,0
0,W,0x80305dc0,4,0
0,W,0x80305e00,4,0
0,W,0x80305e40,4,0
0,W,0x80305e80,4,0
0,W,0x80305ec0,4,0
0,W,0x80305f00,4,0
0,W,0x80305f40,4,0
0,W,0x80305f80,4,0
0,W,0x80305fc0,4,0
0,W,0x80306000,4,0
0,W,0x80306040,4,0
0,W,0x80306080,4,0
0,W,0x803060c0,4,0
0,W,0x80306100,4,0
0,W,0x80306140,4,0
0,W,0x80306180,4,0
0,W,0x803061c0,4,0
0,W,0x80306200,4,0
0,W,0x80306240,4,0
0,W,0x80306280,4,0
0,W,0x803062c0,4,0
0,W,0x80306300,4,0
0,W,0x80306340,4,0
0,W,0x80306380,4,0
0,W,0x803063c0,4,0
0,W,0x80306400,4,0
0,W,0x80306440,4,0
0,W,0x80306480,4,0
0,W,0x803064c0,4,0
0,W,0x80306500,4,0
0,W,0x80306540,4,0
0,W,0x80306580,4,0
0,W,0x803065c0,4,0
0,W,0x80306600,4,0
0,W,0x80306640,4,0
0,W,0x80306680,4,0
0,W,0x803066c0,4,0
0,W,0x80306700,4,0
0,W,0x80306740,4,0
0,W,0x80306780,4,0
0,W,0x803067c0,4,0
0,W,0x80306800,4,0
0,W,0x80306840,4,0
0,W,0x80306880,4,0
0,W,0x803068c0,4,0
0,W,0x80306900,4,0
0,W,0x80306940,4,0
0,W,0x80306980,4,0
0,W,0x803069c0,4,0
0,W,0x80306a00,4,0
0,W,0x80306a40,4,0
0,W,0x80306a80,4,0
0,W,0x80306ac0,4,0
0,W,0x80306b00,4,0
0,W,0x80306b40,4,0
0,W,0x80306b80,4,0
0,W,0x80306bc0,4,0
0,W,0x80306c00,4,0
0,W,0x80306c40,4,0
0,W,0x80306c80,4,0
0,W,0x80306cc0,4,0
0,W,0x80306d00,4,0
0,W,0x80306d40,4,0
0,W,0x80306d80,4,0
0,W,0x80306dc0,4,0
0,W,0x80306e00,4,0
0,W,0x80306e40,4,0
0,W,0x80306e80,4,0
0,W,0x80306ec0,4,0
0,W,0x80306f00,4,0
0,W,0x80306f40,4,0
0,W,0x80306f80,4,0
0,W,0x80306fc0,4,0
0,W,0x80307000,4,0
0,W,0x80307040,4,0
0,W,0x80307080,4,0
0,W,0x803070c0,4,0
0,W,0x80307100,4,0
0,W,0x80307140,4,0
0,W,0x80307180,4,0
0,W,0x803071c0,4,0
0,W,0x80307200,4,0
0,W,0x80307240,4,0
0,W,0x80307280,4,0
0,W,0x803072c0,4,0
0,W,0x80307300,4,0
0,W,0x80307340,4,0
0,W,0x80307380,4,0
0,W,0x803073c0,4,0
0,W,0x80307400,4,0
0,W,0x80307440,4,0
0,W,0x80307480,4,0
0,W,0x803074c0,4,0
0,W,0x80307500,4,0
0,W,0x80307540,4,0
0,W,0x80307580,4,0
0,W,0x803075c0,4,0
0,W,0x80307600,4,0
0,W,0x80307640,4,0
0,W,0x80307680,4,0
0,W,0x803076c0,4,0
0,W,0x80307700,4,0
0,W,0x80307740,4,0
0,W,0x80307780,4,0
0,W,0x803077c0,4,0
0,W,0x80307800,4,0
0,W,0x80307840,4,0
0,W,0x80307880,4,0
0,W,0x803078c0,4,0
0,W,0x80307900,4,0
0,W,0x80307940,4,0
0,W,0x80307980,4,0
0,W,0x803079c0,4,0
0,W,0x80307a00,4,0
0,W,0x80307a40,4,0
0,W,0x80307a80,4,0
0,W,0x80307ac0,4,0
0,W,0x80307b00,4,0
0,W,0x80307b40,4,0
0,W,0x80307b80,4,0
0,W,0x80307bc0,4,0
0,W,0x80307c00,4,0
0,W,0x80307c40,4,0
0,W,0x80307c80,4,0
0,W,0x80307cc0,4,0
0,W,0x80307d00,4,0
0,W,0x80307d40,4,0
0,W,0x80307d80,4,0
0,W,0x80307dc0,4,0
0,W,0x80307e00,4,0
0,W,0x80307e40,4,0
0,W,0x80307e80,4,0
0,W,0x80307ec0,4,0
0,W,0x80307f00,4,0
0,W,0x80307f40,4,0
0,W,0x80307f80,4,0
0,W,0x80307fc0,4,0
0,W,0x80308000,4,0
0,W,0x80308040,4,0
0,W,0x80308080,4,0
0,W,0x803080c0,4,0
0,W,0x80308100,4,0
0,W,0x80308140,4,0
0,W,0x80308180,4,0
0,W,0x803081c0,4,0
0,W,0x80308200,4,0
0,W,0x80308240,4,0
0,W,0x80308280,4,0
0,W,0x803082c0,4,0
0,W,0x80308300,4,0
0,W,0x80308340,4,0
0,W,0x80308380,4,0
0,W,0x803083c0,4,0
0,W,0x80308400,4,0
0,W,0x80308440,4,0
0,W,0x80308480,4,0
0,W,0x803084c0,4,0
0,W,0x80308500,4,0
0,W,0x80308540,4,0
0,W,0x80308580,4,0
0,W,0x803085c0,4,0
0,W,0x80308600,4,0
0,W,0x80308640,4,0
0,W,0x80308680,4,0
0,W,0x803086c0,4,0
0,W,0x80308700,4,0
0,W,0x80308740,4,0
0,W,0x80308780,4,0
0,W,0x803087c0,4,0
0,W,0x80308800,4,0
0,W,0x80308840,4,0
0,W,0x80308880,4,0
0,W,0x803088c0,4,0
0,W,0x80308900,4,0
0,W,0x80308940,4,0
0,W,0x80308980,4,0
0,W,0x803089c0,4,0
0,W,0x80308a00,4,0
0,W,0x80308a40,4,0
0,W,0x80308a80,4,0
0,W,0x80308ac0,4,0
0,W,0x80308b00,4,0
0,W,0x80308b40,4,0
0,W,0x80308b80,4,0
0,W,0x80308bc0,4,0
0,W,0x80308c00,4,0
0,W,0x80308c40,4,0
0,W,0x80308c80,4,0
0,W,0x80308cc0,4,0
0,W,0x80308d00,4,0
0,W,0x80308d40,4,0
0,W,0x80308d80,4,0
0,W,0x80308dc0,4,0
0,W,0x80308e00,4,0
0,W,0x80308e40,4,0
0,W,0x80308e80,4,0
0,W,0x80308ec0,4,0
0,W,0x80308f00,4,0
0,W,0x80308f40,4,0
0,W,0x80308f80,4,0
0,W,0x80308fc0,4,0
0,W,0x80309000,4,0
0,W,0x80309040,4,0
0,W,0x80309080,4,0
0,W,0x803090c0,4,0
0,W,0x80309100,4,0
0,W,0x80309140,4,0
0,W,0x80309180,4,0
0,W,0x803091c0,4,0
0,W,0x80309200,4,0
0,W,0x80309240,4,0
0,W,0x80309280,4,0
0,W,0x803092c0,4,0
0,W,0x80309300,4,0
0,W,0x80309340,4,0
0,W,0x80309380,4,0
0,W,0x803093c0,4,0
0,W,0x80309400,4,0
0,W,0x80309440,4,0
0,W,0x80309480,4,0
0,W,0x803094c0,4,0
0,W,0x80309500,4,0
0,W,0x80309540,4,0
0,W,0x80309580,4,0
0,W,0x803095c0,4,0
0,W,0x80309600,4,0
0,W,0x80309640,4,0
0,W,0x80309680,4,0
0,W,0x803096c0,4,0
0,W,0x80309700,4,0
0,W,0x80309740,4,0
0,W,0x80309780,4,0
0,W,0x803097c0,4,0
0,W,0x80309800,4,0
0,W,0x80309840,4,0
0,W,0x80309880,4,0
0,W,0x803098c0,4,0
0,W,0x80309900,4,0
0,W,0x80309940,4,0
0,W,0x80309980,4,0
0,W,0x803099c0,4,0
0,W,0x80309a00,4,0
0,W,0x80309a40,4,0
0,W,0x80309a80,4,0
0,W,0x80309ac0,4,0
0,W,0x80309b00,4,0
0,W,0x80309b40,4,0
0,W,0x80309b80,4,0
0,W,0x80309bc0,4,0
0,W,0x80309c00,4,0
0,W,0x80309c40,4,0
0,W,0x80309c80,4,0
0,W,0x80309cc0,4,0
0,W,0x80309d00,4,0
0,W,0x80309d40,4,0
0,W,0x80309d80,4,0
0,W,0x80309dc0,4,0
0,W,0x80309e00,4,0
0,W,0x80309e40,4,0
0,W,0x80309e80,4,0
0,W,0x80309ec0,4,0
0,W,0x80309f00,4,0
0,W,0x80309f40,4,0
0,W,0x80309f80,4,0
0,W,0x80309fc0,4,0
0,W,0x8030a000,4,0
0,W,0x8030a040,4,0
0,W,0x8030a080,4,0
0,W,0x8030a0c0,4,0
0,W,0x8030a100,4,0
0,W,0x8030a140,4,0
0,W,0x8030a180,4,0
0,W,0x8030a1c0,4,0
0,W,0x8030a200,4,0
0,W,0x8030a240,4,0
0,W,0x8030a280,4,0
0,W,0x8030a2c0,4,0
0,W,0x8030a300,4,0
0,W,0x8030a340,4,0
0,W,0x8030a380,4,0
0,W,0x8030a3c0,4,0
0,W,0x8030a400,4,0
0,W,0x8030a440,4,0
0,W,0x8030a480,4,0
0,W,0x8030a4c0,4,0
0,W,0x8030a500,4,0
0,W,0x8030a540,4,0
0,W,0x8030a580,4,0
0,W,0x8030a5c0,4,0
0,W,0x8030a600,4,0
0,W,0x8030a640,4,0
0,W,0x8030a680,4,0
0,W,0x8030a6c0,4,0
0,W,0x8030a700,4,0
0,W,0x8030a740,4,0
0,W,0x8030a780,4,0
0,W,0x8030a7c0,4,0
0,W,0x8030a800,4,0
0,W,0x8030a840,4,0
0,W,0x8030a880,4,0
0,W,0x8030a8c0,4,0
0,W,0x8030a900,4,0
0,W,0x8030a940,4,0
0,W,0x8030a980,4,0
0,W,0x8030a9c0,4,0
0,W,0x8030aa00,4,0
0,W,0x8030aa40,4,0
0,W,0x8030aa80,4,0
0,W,0x8030aac0,4,0
0,W,0x8030ab00,4,0
0,W,0x8030ab40,4,0
0,W,0x8030ab80,4,0
0,W,0x8030abc0,4,0
0,W,0x8030ac00,4,0
0,W,0x8030ac40,4,0
0,W,0x8030ac80,4,0
0,W,0x8030acc0,4,0
0,W,0x8030ad00,4,0
0,W,0x8030ad40,4,0
0,W,0x8030ad80,4,0
0,W,0x8030adc0,4,0
0,W,0x8030ae00,4,0
0,W,0x8030ae40,4,0
0,W,0x8030ae80,4,0
0,W,0x8030aec0,4,0
0,W,0x8030af00,4,0
0,W,0x8030af40,4,0
0,W,0x8030af80,4,0
0,W,0x8030afc0,4,0
0,W,0x8030b000,4,0
0,W,0x8030b040,4,0
0,W,0x8030b080,4,0
0,W,0x8030b0c0,4,0
0,W,0x8030b100,4,0
0,W,0x8030b140,4,0
0,W,0x8030b180,4,0
0,W,0x8030b1c0,4,0
0,W,0x8030b200,4,0
0,W,0x8030b240,4,0
0,W,0x8030b280,4,0
0,W,0x8030b2c0,4,0
0,W,0x8030b300,4,0
0,W,0x8030b340,4,0
0,W,0x8030b380,4,0
0,W,0x8030b3c0,4,0
0,W,0x8030b400,4,0
0,W,0x8030b440,4,0
0,W,0x8030b480,4,0
0,W,0x8030b4c0,4,0
0,W,0x8030b500,4,0
0,W,0x8030b540,4,0
0,W,0x8030b580,4,0
0,W,0x8030b5c0,4,0
0,W,0x8030b600,4,0
0,W,0x8030b640,4,0
0,W,0x8030b680,4,0
0,W,0x8030b6c0,4,0
0,W,0x8030b700,4,0
0,W,0x8030b740,4,0
0,W,0x8030b780,4,0
0,W,0x8030b7c0,4,0
0,W,0x8030b800,4,0
0,W,0x8030b840,4,0
0,W,0x8030b880,4,0
0,W,0x8030b8c0,4,0
0,W,0x8030b900,4,0
0,W,0x8030b940,4,0
0,W,0x8030b980,4,0
0,W,0x8030b9c0,4,0
0,W,0x8030ba00,4,0
0,W,0x8030ba40,4,0
0,W,0x8030ba80,4,0
0,W,0x8030bac0,4,0
0,W,0x8030bb00,4,0
0,W,0x8030bb40,4,0
0,W,0x8030bb80,4,0
0,W,0x8030bbc0,4,0
0,W,0x8030bc00,4,0
0,W,0x8030bc40,4,0
0,W,0x8030bc80,4,0
0,W,0x8030bcc0,4,0
0,W,0x8030bd00,4,0
0,W,0x8030bd40,4,0
0,W,0x8030bd80,4,0
0,W,0x8030bdc0,4,0
0,W,0x8030be00,4,0
0,W,0x8030be40,4,0
0,W,0x8030be80,4,0
0,W,0x8030bec0,4,0
0,W,0x8030bf00,4,0
0,W,0x8030bf40,4,0
0,W,0x8030bf80,4,0
0,W,0x8030bfc0,4,0
0,W,0x8030c000,4,0
0,W,0x8030c040,4,0
0,W,0x8030c080,4,0
0,W,0x8030c0c0,4,0
0,W,0x8030c100,4,0
0,W,0x8030c140,4,0
0,W,0x8030c180,4,0
0,W,0x8030c1c0,4,0
0,W,0x8030c200,4,0
0,W,0x8030c240,4,0
0,W,0x8030c280,4,0
0,W,0x8030c2c0,4,0
0,W,0x8030c300,4,0
0,W,0x8030c340,4,0
0,W,0x8030c380,4,0
0,W,0x8030c3c0,4,0
0,W,0x8030c400,4,0
0,W,0x8030c440,4,0
0,W,0x8030c480,4,0
0,W,0x8030c4c0,4,0
0,W,0x8030c500,4,0
0,W,0x8030c540,4,0
0,W,0x8030c580,4,0
0,W,0x8030c5c0,4,0
0,W,0x8030c600,4,0
0,W,0x8030c640,4,0
0,W,0x8030c680,4,0
0,W,0x8030c6c0,4,0
0,W,0x8030c700,4,0
0,W,0x8030c740,4,0
0,W,0x8030c780,4,0
0,W,0x8030c7c0,4,0
0,W,0x8030c800,4,0
0,W,0x8030c840,4,0
0,W,0x8030c880,4,0
0,W,0x8030c8c0,4,0
0,W,0x8030c900,4,0
0,W,0x8030c940,4,0
0,W,0x8030c980,4,0
0,W,0x8030c9c0,4,0
0,W,0x8030ca00,4,0
0,W,0x8030ca40,4,0
0,W,0x8030ca80,4,0
0,W,0x8030cac0,4,0
0,W,0x8030cb00,4,0
0,W,0x8030cb40,4,0
0,W,0x8030cb80,4,0
0,W,0x8030cbc0,4,0
0,W,0x8030cc00,4,0
0,W,0x8030cc40,4,0
0,W,0x8030cc80,4,0
0,W,0x8030ccc0,4,0
0,W,0x8030cd00,4,0
0,W,0x8030cd40,4,0
0,W,0x8030cd80,4,0
0,W,0x8030cdc0,4,0
0,W,0x8030ce00,4,0
0,W,0x8030ce40,4,0
0,W,0x8030ce80,4,0
0,W,0x8030cec0,4,0
0,W,0x8030cf00,4,0
0,W,0x8030cf40,4,0
0,W,0x8030cf80,4,0
0,W,0x8030cfc0,4,0
0,W,0x8030d000,4,0
0,W,0x8030d040,4,0
0,W,0x8030d080,4,0
0,W,0x8030d0c0,4,0
0,W,0x8030d100,4,0
0,W,0x8030d140,4,0
0,W,0x8030d180,4,0
0,W,0x8030d1c0,4,0
0,W,0x8030d200,4,0
0,W,0x8030d240,4,0
0,W,0x8030d280,4,0
0,W,0x8030d2c0,4,0
0,W,0x8030d300,4,0
0,W,0x8030d340,4,0
0,W,0x8030d380,4,0
0,W,0x8030d3c0,4,0
0,W,0x8030d400,4,0
0,W,0x8030d440,4,0
0,W,0x8030d480,4,0
0,W,0x8030d4c0,4,0
0,W,0x8030d500,4,0
0,W,0x8030d540,4,0
0,W,0x8030d580,4,0
0,W,0x8030d5c0,4,0
0,W,0x8030d600,4,0
0,W,0x8030d640,4,0
0,W,0x8030d680,4,0
0,W,0x8030d6c0,4,0
0,W,0x8030d700,4,0
0,W,0x8030d740,4,0
0,W,0x8030d780,4,0
0,W,0x8030d7c0,4,0
0,W,0x8030d800,4,0
0,W,0x8030d840,4,0
0,W,0x8030d880,4,0
0,W,0x8030d8c0,4,0
0,W,0x8030d900,4,0
0,W,0x8030d940,4,0
0,W,0x8030d980,4,0
0,W,0x8030d9c0,4,0
0,W,0x8030da00,4,0
0,W,0x8030da40,4,0
0,W,0x8030da80,4,0
0,W,0x8030dac0,4,0
0,W,0x8030db00,4,0
0,W,0x8030db40,4,0
0,W,0x8030db80,4,0
0,W,0x8030dbc0,4,0
0,W,0x8030dc00,4,0
0,W,0x8030dc40,4,0
0,W,0x8030dc80,4,0
0,W,0x8030dcc0,4,0
0,W,0x8030dd00,4,0
0,W,0x8030dd40,4,0
0,W,0x8030dd80,4,0
0,W,0x8030ddc0,4,0
0,W,0x8030de00,4,0
0,W,0x8030de40,4,0
0,W,0x8030de80,4,0
0,W,0x8030dec0,4,0
0,W,0x8030df00,4,0
0,W,0x8030df40,4,0
0,W,0x8030df80,4,0
0,W,0x8030dfc0,4,0
0,W,0x8030e000,4,0
0,W,0x8030e040,4,0
0,W,0x8030e080,4,0
0,W,0x8030e0c0,4,0
0,W,0x8030e100,4,0
0,W,0x8030e140,4,0
0,W,0x8030e180,4,0
0,W,0x8030e1c0,4,0
0,W,0x8030e200,4,0
0,W,0x8030e240,4,0
0,W,0x8030e280,4,0
0,W,0x8030e2c0,4,0
0,W,0x8030e300,4,0
0,W,0x8030e340,4,0
0,W,0x8030e380,4,0
0,W,0x8030e3c0,4,0
0,W,0x8030e400,4,0
0,W,0x8030e440,4,0
0,W,0x8030e480,4,0
0,W,0x8030e4c0,4,0
0,W,0x8030e500,4,0
0,W,0x8030e540,4,0
0,W,0x8030e580,4,0
0,W,0x8030e5c0,4,0
0,W,0x8030e600,4,0
0,W,0x8030e640,4,0
0,W,0x8030e680,4,0
0,W,0x8030e6c0,4,0
0,W,0x8030e700,4,0
0,W,0x8030e740,4,0
0,W,0x8030e780,4,0
0,W,0x8030e7c0,4,0
0,W,0x8030e800,4,0
0,W,0x8030e840,4,0
0,W,0x8030e880,4,0
0,W,0x8030e8c0,4,0
0,W,0x8030e900,4,0
0,W,0x8030e940,4,0
0,W,0x8030e980,4,0
0,W,0x8030e9c0,4,0
0,W,0x8030ea00,4,0
0,W,0x8030ea40,4,0
0,W,0x8030ea80,4,0
0,W,0x8030eac0,4,0
0,W,0x8030eb00,4,0
0,W,0x8030eb40,4,0
0,W,0x8030eb80,4,0
0,W,0x8030ebc0,4,0
0,W,0x8030ec00,4,0
0,W,0x8030ec40,4,0
0,W,0x8030ec80,4,0
0,W,0x8030ecc0,4,0
0,W,0x8030ed00,4,0
0,W,0x8030ed40,4,0
0,W,0x8030ed80,4,0
0,W,0x8030edc0,4,0
0,W,0x8030ee00,4,0
0,W,0x8030ee40,4,0
0,W,0x8030ee80,4,0
0,W,0x8030eec0,4,0
0,W,0x8030ef00,4,0
0,W,0x8030ef40,4,0
0,W,0x8030ef80,4,0
0,W,0x8030efc0,4,0
0,W,0x8030f000,4,0
0,W,0x8030f040,4,0
0,W,0x8030f080,4,0
0,W,0x8030f0c0,4,0
0,W,0x8030f100,4,0
0,W,0x8030f140,4,0
0,W,0x8030f180,4,0
0,W,0x8030f1c0,4,0
0,W,0x8030f200,4,0
0,W,0x8030f240,4,0
0,W,0x8030f280,4,0
0,W,0x8030f2c0,4,0
0,W,0x8030f300,4,0
0,W,0x8030f340,4,0
0,W,0x8030f380,4,0
0,W,0x8030f3c0,4,0
0,W,0x8030f400,4,0
0,W,0x8030f440,4,0
0,W,0x8030f480,4,0
0,W,0x8030f4c0,4,0
0,W,0x8030f500,4,0
0,W,0x8030f540,4,0
0,W,0x8030f580,4,0
0,W,0x8030f5c0,4,0
0,W,0x8030f600,4,0
0,W,0x8030f640,4,0
0,W,0x8030f680,4,0
0,W,0x8030f6c0,4,0
0,W,0x8030f700,4,0
0,W,0x8030f740,4,0
0,W,0x8030f780,4,0
0,W,0x8030f7c0,4,0
0,W,0x8030f800,4,0
0,W,0x8030f840,4,0
0,W,0x8030f880,4,0
0,W,0x8030f8c0,4,0
0,W,0x8030f900,4,0
0,W,0x8030f940,4,0
0,W,0x8030f980,4,0
0,W,0x8030f9c0,4,0
0,W,0x8030fa00,4,0
0,W,0x8030fa40,4,0
0,W,0x8030fa80,4,0
0,W,0x8030fac0,4,0
0,W,0x8030fb00,4,0
0,W,0x8030fb40,4,0
0,W,0x8030fb80,4,0
0,W,0x8030fbc0,4,0
0,W,0x8030fc00,4,0
0,W,0x8030fc40,4,0
0,W,0x8030fc80,4,0
0,W,0x8030fcc0,4,0
0,W,0x8030fd00,4,0
0,W,0x8030fd40,4,0
0,W,0x8030fd80,4,0
0,W,0x8030fdc0,4,0
0,W,0x8030fe00,4,0
0,W,0x8030fe40,4,0
0,W,0x8030fe80,4,0
0,W,0x8030fec0,4,0
0,W,0x8030ff00,4,0
0,W,0x8030ff40,4,0
0,W,0x8030ff80,4,0
0,W,0x8030ffc0,4,0
0,R,0x80500000,4,0
0,R,0x80500040,4,0
0,R,0x80500080,4,0
0,R,0x805000c0,4,0
0,R,0x80500100,4,0
0,R,0x80500140,4,0
0,R,0x80500180,4,0
0,R,0x805001c0,4,0
0,R,0x80500200,4,0
0,R,0x80500240,4,0
0,R,0x80500280,4,0
0,R,0x805002c0,4,0
0,R,0x80500300,4,0
0,R,0x80500340,4,0
0,R,0x80500380,4,0
0,R,0x805003c0,4,0
0,R,0x80500400,4,0
0,R,0x80500440,4,0
0,R,0x80500480,4,0
0,R,0x805004c0,4,0
0,R,0x80500500,4,0
0,R,0x80500540,4,0
0,R,0x80500580,4,0
0,R,0x805005c0,4,0
0,R,0x80500600,4,0
0,R,0x80500640,4,0
0,R,0x80500680,4,0
0,R,0x805006c0,4,0
0,R,0x80500700,4,0
0,R,0x80500740,4,0
0,R,0x80500780,4,0
0,R,0x805007c0,4,0
0,R,0x80500800,4,0
0,R,0x80500840,4,0
0,R,0x80500880,4,0
0,R,0x805008c0,4,0
0,R,0x80500900,4,0
0,R,0x80500940,4,0
0,R,0x80500980,4,0
0,R,0x805009c0,4,0
0,R,0x80500a00,4,0
0,R,0x80500a40,4,0
0,R,0x80500a80,4,0
0,R,0x80500ac0,4,0
0,R,0x80500b00,4,0
0,R,0x80500b40,4,0
0,R,0x80500b80,4,0
0,R,0x80500bc0,4,0
0,R,0x80500c00,4,0
0,R,0x80500c40,4,0
0,R,0x80500c80,4,0
0,R,0x80500cc0,4,0
0,R,0x80500d00,4,0
0,R,0x80500d40,4,0
0,R,0x80500d80,4,0
0,R,0x80500dc0,4,0
0,R,0x80500e00,4,0
0,R,0x80500e40,4,0
0,R,0x80500e80,4,0
0,R,0x80500ec0,4,0
0,R,0x80500f00,4,0
0,R,0x80500f40,4,0
0,R,0x80500f80,4,0
0,R,0x80500fc0,4,0
0,R,0x80501000,4,0
0,R,0x80501040,4,0
0,R,0x80501080,4,0
0,R,0x805010c0,4,0
0,R,0x80501100,4,0
0,R,0x80501140,4,0
0,R,0x80501180,4,0
0,R,0x805011c0,4,0
0,R,0x80501200,4,0
0,R,0x80501240,4,0
0,R,0x80501280,4,0
0,R,0x805012c0,4,0
0,R,0x80501300,4,0
0,R,0x80501340,4,0
0,R,0x80501380,4,0
0,R,0x805013c0,4,0
0,R,0x80501400,4,0
0,R,0x80501440,4,0
0,R,0x80501480,4,0
0,R,0x805014c0,4,0
0,R,0x80501500,4,0
0,R,0x80501540,4,0
0,R,0x80501580,4,0
0,R,0x805015c0,4,0
0,R,0x80501600,4,0
0,R,0x80501640,4,0
0,R,0x80501680,4,0
0,R,0x805016c0,4,0
0,R,0x80501700,4,0
0,R,0x80501740,4,0
0,R,0x80501780,4,0
0,R,0x805017c0,4,0
0,R,0x80501800,4,0
0,R,0x80501840,4,0
0,R,0x80501880,4,0
0,R,0x805018c0,4,0
0,R,0x80501900,4,0
0,R,0x80501940,4,0
0,R,0x80501980,4,0
0,R,0x805019c0,4,0
0,R,0x80501a00,4,0
0,R,0x80501a40,4,0
0,R,0x80501a80,4,0
0,R,0x80501ac0,4,0
0,R,0x80501b00,4,0
0,R,0x80501b40,4,0
0,R,0x80501b80,4,0
0,R,0x80501bc0,4,0
0,R,0x80501c00,4,0
0,R,0x80501c40,4,0
0,R,0x80501c80,4,0
0,R,0x80501cc0,4,0
0,R,0x80501d00,4,0
0,R,0x80501d40,4,0
0,R,0x80501d80,4,0
0,R,0x80501dc0,4,0
0,R,0x80501e00,4,0
0,R,0x80501e40,4,0
0,R,0x80501e80,4,0
0,R,0x80501ec0,4,0
0,R,0x80501f00,4,0
0,R,0x80501f40,4,0
0,R,0x80501f80,4,0
0,R,0x80501fc0,4,0
0,R,0x80502000,4,0
0,R,0x80502040,4,0
0,R,0x80502080,4,0
0,R,0x805020c0,4,0
0,R,0x80502100,4,0
0,R,0x80502140,4,0
0,R,0x80502180,4,0
0,R,0x805021c0,4,0
0,R,0x80502200,4,0
0,R,0x80502240,4,0
0,R,0x80502280,4,0
0,R,0x805022c0,4,0
0,R,0x80502300,4,0
0,R,0x80502340,4,0
0,R,0x80502380,4,0
0,R,0x805023c0,4,0
0,R,0x80502400,4,0
0,R,0x80502440,4,0
0,R,0x80502480,4,0
0,R,0x805024c0,4,0
0,R,0x80502500,4,0
0,R,0x80502540,4,0
0,R,0x80502580,4,0
0,R,0x805025c0,4,0
0,R,0x80502600,4,0
0,R,0x80502640,4,0
0,R,0x80502680,4,0
0,R,0x805026c0,4,0
0,R,0x80502700,4,0
0,R,0x80502740,4,0
0,R,0x80502780,4,0
0,R,0x805027c0,4,0
0,R,0x80502800,4,0
0,R,0x80502840,4,0
0,R,0x80502880,4,0
0,R,0x805028c0,4,0
0,R,0x80502900,4,0
0,R,0x80502940,4,0
0,R,0x80502980,4,0
0,R,0x805029c0,4,0
0,R,0x80502a00,4,0
0,R,0x80502a40,4,0
0,R,0x80502a80,4,0
0,R,0x80502ac0,4,0
0,R,0x80502b00,4,0
0,R,0x80502b40,4,0
0,R,0x80502b80,4,0
0,R,0x80502bc0,4,0
0,R,0x80502c00,4,0
0,R,0x80502c40,4,0
0,R,0x80502c80,4,0
0,R,0x80502cc0,4,0
0,R,0x80502d00,4,0
0,R,0x80502d40,4,0
0,R,0x80502d80,4,0
0,R,0x80502dc0,4,0
0,R,0x80502e00,4,0
0,R,0x80502e40,4,0
0,R,0x80502e80,4,0
0,R,0x80502ec0,4,0
0,R,0x80502f00,4,0
0,R,0x80502f40,4,0
0,R,0x80502f80,4,0
0,R,0x80502fc0,4,0
0,R,0x80503000,4,0
0,R,0x80503040,4,0
0,R,0x80503080,4,0
0,R,0x805030c0,4,0
0,R,0x80503100,4,0
0,R,0x80503140,4,0
0,R,0x80503180,4,0
0,R,0x805031c0,4,0
0,R,0x80503200,4,0
0,R,0x80503240,4,0
0,R,0x80503280,4,0
0,R,0x805032c0,4,0
0,R,0x80503300,4,0
0,R,0x80503340,4,0
0,R,0x80503380,4,0
0,R,0x805033c0,4,0
0,R,0x80503400,4,0
0,R,0x80503440,4,0
0,R,0x80503480,4,0
0,R,0x805034c0,4,0
0,R,0x80503500,4,0
0,R,0x80503540,4,0
0,R,0x80503580,4,0
0,R,0x805035c0,4,0
0,R,0x80503600,4,0
0,R,0x80503640,4,0
0,R,0x80503680,4,0
0,R,0x805036c0,4,0
0,R,0x80503700,4,0
0,R,0x80503740,4,0
0,R,0x80503780,4,0
0,R,0x805037c0,4,0
0,R,0x80503800,4,0
0,R,0x80503840,4,0
0,R,0x80503880,4,0
0,R,0x805038c0,4,0
0,R,0x80503900,4,0
0,R,0x80503940,4,0
0,R,0x80503980,4,0
0,R,0x805039c0,4,0
0,R,0x80503a00,4,0
0,R,0x80503a40,4,0
0,R,0x80503a80,4,0
0,R,0x80503ac0,4,0
0,R,0x80503b00,4,0
0,R,0x80503b40,4,0
0,R,0x80503b80,4,0
0,R,0x80503bc0,4,0
0,R,0x80503c00,4,0
0,R,0x80503c40,4,0
0,R,0x80503c80,4,0
0,R,0x80503cc0,4,0
0,R,0x80503d00,4,0
0,R,0x80503d40,4,0
0,R,0x80503d80,4,0
0,R,0x80503dc0,4,0
0,R,0x80503e00,4,0
0,R,0x80503e40,4,0
0,R,0x80503e80,4,0
0,R,0x80503ec0,4,0
0,R,0x80503f00,4,0
0,R,0x80503f40,4,0
0,R,0x80503f80,4,0
0,R,0x80503fc0,4,0
0,R,0x80504000,4,0
0,R,0x80504040,4,0
0,R,0x80504080,4,0
0,R,0x805040c0,4,0
0,R,0x80504100,4,0
0,R,0x80504140,4,0
0,R,0x80504180,4,0
0,R,0x805041c0,4,0
0,R,0x80504200,4,0
0,R,0x80504240,4,0
0,R,0x80504280,4,0
0,R,0x805042c0,4,0
0,R,0x80504300,4,0
0,R,0x80504340,4,0
0,R,0x80504380,4,0
0,R,0x805043c0,4,0
0,R,0x80504400,4,0
0,R,0x80504440,4,0
0,R,0x80504480,4,0
0,R,0x805044c0,4,0
0,R,0x80504500,4,0
0,R,0x80504540,4,0
0,R,0x80504580,4,0
0,R,0x805045c0,4,0
0,R,0x80504600,4,0
0,R,0x80504640,4,0
0,R,0x80504680,4,0
0,R,0x805046c0,4,0
0,R,0x80504700,4,0
0,R,0x80504740,4,0
0,R,0x80504780,4,0
0,R,0x805047c0,4,0
0,R,0x80504800,4,0
0,R,0x80504840,4,0
0,R,0x80504880,4,0
0,R,0x805048c0,4,0
0,R,0x80504900,4,0
0,R,0x80504940,4,0
0,R,0x80504980,4,0
0,R,0x805049c0,4,0
0,R,0x80504a00,4,0
0,R,0x80504a40,4,0
0,R,0x80504a80,4,0
0,R,0x80504ac0,4,0
0,R,0x80504b00,4,0
0,R,0x80504b40,4,0
0,R,0x80504b80,4,0
0,R,0x80504bc0,4,0
0,R,0x80504c00,4,0
0,R,0x80504c40,4,0
0,R,0x80504c80,4,0
0,R,0x80504cc0,4,0
0,R,0x80504d00,4,0
0,R,0x80504d40,4,0
0,R,0x80504d80,4,0
0,R,0x80504dc0,4,0
0,R,0x80504e00,4,0
0,R,0x80504e40,4,0
0,R,0x80504e80,4,0
0,R,0x80504ec0,4,0
0,R,0x80504f00,4,0
0,R,0x80504f40,4,0
0,R,0x80504f80,4,0
0,R,0x80504fc0,4,0
0,R,0x80505000,4,0
0,R,0x80505040,4,0
0,R,0x80505080,4,0
0,R,0x805050c0,4,0
0,R,0x80505100,4,0
0,R,0x80505140,4,0
0,R,0x80505180,4,0
0,R,0x805051c0,4,0
0,R,0x80505200,4,0
0,R,0x80505240,4,0
0,R,0x80505280,4,0
0,R,0x805052c0,4,0
0,R,0x80505300,4,0
0,R,0x80505340,4,0
0,R,0x80505380,4,0
0,R,0x805053c0,4,0
0,R,0x80505400,4,0
0,R,0x80505440,4,0
0,R,0x80505480,4,0
0,R,0x805054c0,4,0
0,R,0x80505500,4,0
0,R,0x80505540,4,0
0,R,0x80505580,4,0
0,R,0x805055c0,4,0
0,R,0x80505600,4,0
0,R,0x80505640,4,0
0,R,0x80505680,4,0
0,R,0x805056c0,4,0
0,R,0x80505700,4,0
0,R,0x80505740,4,0
0,R,0x80505780,4,0
0,R,0x805057c0,4,0
0,R,0x80505800,4,0
0,R,0x80505840,4,0
0,R,0x80505880,4,0
0,R,0x805058c0,4,0
0,R,0x80505900,4,0
0,R,0x80505940,4,0
0,R,0x80505980,4,0
0,R,0x805059c0,4,0
0,R,0x80505a00,4,0
0,R,0x80505a40,4,0
0,R,0x80505a80,4,0
0,R,0x80505ac0,4,0
0,R,0x80505b00,4,0
0,R,0x80505b40,4,0
0,R,0x80505b80,4,0
0,R,0x80505bc0,4,0
0,R,0x80505c00,4,0
0,R,0x80505c40,4,0
0,R,0x80505c80,4,0
0,R,0x80505cc0,4,0
0,R,0x80505d00,4,0
0,R,0x80505d40,4,0
0,R,0x80505d80,4,0
0,R,0x80505dc0,4,0
0,R,0x80505e00,4,0
0,R,0x80505e40,4,0
0,R,0x80505e80,4,0
0,R,0x80505ec0,4,0
0,R,0x80505f00,4,0
0,R,0x80505f40,4,0
0,R,0x80505f80,4,0
0,R,0x80505fc0,4,0
0,R,0x80506000,4,0
0,R,0x80506040,4,0
0,R,0x80506080,4,0
0,R,0x805060c0,4,0
0,R,0x80506100,4,0
0,R,0x80506140,4,0
0,R,0x80506180,4,0
0,R,0x805061c0,4,0
0,R,0x80506200,4,0
0,R,0x80506240,4,0
0,R,0x80506280,4,0
0,R,0x805062c0,4,0
0,R,0x80506300,4,0
0,R,0x80506340,4,0
0,R,0x80506380,4,0
0,R,0x805063c0,4,0
0,R,0x80506400,4,0
0,R,0x80506440,4,0
0,R,0x80506480,4,0
0,R,0x805064c0,4,0
0,R,0x80506500,4,0
0,R,0x80506540,4,0
0,R,0x80506580,4,0
0,R,0x805065c0,4,0
0,R,0x80506600,4,0
0,R,0x80506640,4,0
0,R,0x80506680,4,0
0,R,0x805066c0,4,0
0,R,0x80506700,4,0
0,R,0x80506740,4,0
0,R,0x80506780,4,0
0,R,0x805067c0,4,0
0,R,0x80506800,4,0
0,R,0x80506840,4,0
0,R,0x80506880,4,0
0,R,0x805068c0,4,0
0,R,0x80506900,4,0
0,R,0x80506940,4,0
0,R,0x80506980,4,0
0,R,0x805069c0,4,0
0,R,0x80506a00,4,0
0,R,0x80506a40,4,0
0,R,0x80506a80,4,0
0,R,0x80506ac0,4,0
0,R,0x80506b00,4,0
0,R,0x80506b40,4,0
0,R,0x80506b80,4,0
0,R,0x80506bc0,4,0
0,R,0x80506c00,4,0
0,R,0x80506c40,4,0
0,R,0x80506c80,4,0
0,R,0x80506cc0,4,0
0,R,0x80506d00,4,0
0,R,0x80506d40,4,0
0,R,0x80506d80,4,0
0,R,0x80506dc0,4,0
0,R,0x80506e00,4,0
0,R,0x80506e40,4,0
0,R,0x80506e80,4,0
0,R,0x80506ec0,4,0
0,R,0x80506f00,4,0
0,R,0x80506f40,4,0
0,R,0x80506f80,4,0
0,R,0x80506fc0,4,0
0,R,0x80507000,4,0
0,R,0x80507040,4,0
0,R,0x80507080,4,0
0,R,0x805070c0,4,0
0,R,0x80507100,4,0
0,R,0x80507140,4,0
0,R,0x80507180,4,0
0,R,0x805071c0,4,0
0,R,0x80507200,4,0
0,R,0x80507240,4,0
0,R,0x80507280,4,0
0,R,0x805072c0,4,0
0,R,0x80507300,4,0
0,R,0x80507340,4,0
0,R,0x80507380,4,0
0,R,0x805073c0,4,0
0,R,0x80507400,4,0
0,R,0x80507440,4,0
0,R,0x80507480,4,0
0,R,0x805074c0,4,0
0,R,0x80507500,4,0
0,R,0x80507540,4,0
0,R,0x80507580,4,0
0,R,0x805075c0,4,0
0,R,0x80507600,4,0
0,R,0x80507640,4,0
0,R,0x80507680,4,0
0,R,0x805076c0,4,0
0,R,0x80507700,4,0
0,R,0x80507740,4,0
0,R,0x80507780,4,0
0,R,0x805077c0,4,0
0,R,0x80507800,4,0
0,R,0x80507840,4,0
0,R,0x80507880,4,0
0,R,0x805078c0,4,0
0,R,0x80507900,4,0
0,R,0x80507940,4,0
0,R,0x80507980,4,0
0,R,0x805079c0,4,0
0,R,0x80507a00,4,0
0,R,0x80507a40,4,0
0,R,0x80507a80,4,0
0,R,0x80507ac0,4,0
0,R,0x80507b00,4,0
0,R,0x80507b40,4,0
0,R,0x80507b80,4,0
0,R,0x80507bc0,4,0
0,R,0x80507c00,4,0
0,R,0x80507c40,4,0
0,R,0x80507c80,4,0
0,R,0x80507cc0,4,0
0,R,0x80507d00,4,0
0,R,0x80507d40,4,0
0,R,0x80507d80,4,0
0,R,0x80507dc0,4,0
0,R,0x80507e00,4,0
0,R,0x80507e40,4,0
0,R,0x80507e80,4,0
0,R,0x80507ec0,4,0
0,R,0x80507f00,4,0
0,R,0x80507f40,4,0
0,R,0x80507f80,4,0
0,R,0x80507fc0,4,0
0,R,0x80508000,4,0
0,R,0x80508040,4,0
0,R,0x80508080,4,0
0,R,0x805080c0,4,0
0,R,0x80508100,4,0
0,R,0x80508140,4,0
0,R,0x80508180,4,0
0,R,0x805081c0,4,0
0,R,0x80508200,4,0
0,R,0x80508240,4,0
0,R,0x80508280,4,0
0,R,0x805082c0,4,0
0,R,0x80508300,4,0
0,R,0x80508340,4,0
0,R,0x80508380,4,0
0,R,0x805083c0,4,0
0,R,0x80508400,4,0
0,R,0x80508440,4,0
0,R,0x80508480,4,0
0,R,0x805084c0,4,0
0,R,0x80508500,4,0
0,R,0x80508540,4,0
0,R,0x80508580,4,0
0,R,0x805085c0,4,0
0,R,0x80508600,4,0
0,R,0x80508640,4,0
0,R,0x80508680,4,0
0,R,0x805086c0,4,0
0,R,0x80508700,4,0
0,R,0x80508740,4,0
0,R,0x80508780,4,0
0,R,0x805087c0,4,0
0,R,0x80508800,4,0
0,R,0x80508840,4,0
0,R,0x80508880,4,0
0,R,0x805088c0,4,0
0,R,0x80508900,4,0
0,R,0x80508940,4,0
0,R,0x80508980,4,0
0,R,0x805089c0,4,0
0,R,0x80508a00,4,0
0,R,0x80508a40,4,0
0,R,0x80508a80,4,0
0,R,0x80508ac0,4,0
0,R,0x80508b00,4,0
0,R,0x80508b40,4,0
0,R,0x80508b80,4,0
0,R,0x80508bc0,4,0
0,R,0x80508c00,4,0
0,R,0x80508c40,4,0
0,R,0x80508c80,4,0
0,R,0x80508cc0,4,0
0,R,0x80508d00,4,0
0,R,0x80508d40,4,0
0,R,0x80508d80,4,0
0,R,0x80508dc0,4,0
0,R,0x80508e00,4,0
0,R,0x80508e40,4,0
0,R,0x80508e80,4,0
0,R,0x80508ec0,4,0
0,R,0x80508f00,4,0
0,R,0x80508f40,4,0
0,R,0x80508f80,4,0
0,R,0x80508fc0,4,0
0,R,0x80509000,4,0
0,R,0x80509040,4,0
0,R,0x80509080,4,0
0,R,0x805090c0,4,0
0,R,0x80509100,4,0
0,R,0x80509140,4,0
0,R,0x80509180,4,0
0,R,0x805091c0,4,0
0,R,0x80509200,4,0
0,R,0x80509240,4,0
0,R,0x80509280,4,0
0,R,0x805092c0,4,0
0,R,0x80509300,4,0
0,R,0x80509340,4,0
0,R,0x80509380,4,0
0,R,0x805093c0,4,0
0,R,0x80509400,4,0
0,R,0x80509440,4,0
0,R,0x80509480,4,0
0,R,0x805094c0,4,0
0,R,0x80509500,4,0
0,R,0x80509540,4,0
0,R,0x80509580,4,0
0,R,0x805095c0,4,0
0,R,0x80509600,4,0
0,R,0x80509640,4,0
0,R,0x80509680,4,0
0,R,0x805096c0,4,0
0,R,0x80509700,4,0
0,R,0x80509740,4,0
0,R,0x80509780,4,0
0,R,0x805097c0,4,0
0,R,0x80509800,4,0
0,R,0x80509840,4,0
0,R,0x80509880,4,0
0,R,0x805098c0,4,0
0,R,0x80509900,4,0
0,R,0x80509940,4,0
0,R,0x80509980,4,0
0,R,0x805099c0,4,0
0,R,0x80509a00,4,0
0,R,0x80509a40,4,0
0,R,0x80509a80,4,0
0,R,0x80509ac0,4,0
0,R,0x80509b00,4,0
0,R,0x80509b40,4,0
0,R,0x80509b80,4,0
0,R,0x80509bc0,4,0
0,R,0x80509c00,4,0
0,R,0x80509c40,4,0
0,R,0x80509c80,4,0
0,R,0x80509cc0,4,0
0,R,0x80509d00,4,0
0,R,0x80509d40,4,0
0,R,0x80509d80,4,0
0,R,0x80509dc0,4,0
0,R,0x80509e00,4,0
0,R,0x80509e40,4,0
0,R,0x80509e80,4,0
0,R,0x80509ec0,4,0
0,R,0x80509f00,4,0
0,R,0x80509f40,4,0
0,R,0x80509f80,4,0
0,R,0x80509fc0,4,0
0,R,0x8050a000,4,0
0,R,0x8050a040,4,0
0,R,0x8050a080,4,0
0,R,0x8050a0c0,4,0
0,R,0x8050a100,4,0
0,R,0x8050a140,4,0
0,R,0x8050a180,4,0
0,R,0x8050a1c0,4,0
0,R,0x8050a200,4,0
0,R,0x8050a240,4,0
0,R,0x8050a280,4,0
0,R,0x8050a2c0,4,0
0,R,0x8050a300,4,0
0,R,0x8050a340,4,0
0,R,0x8050a380,4,0
0,R,0x8050a3c0,4,0
0,R,0x8050a400,4,0
0,R,0x8050a440,4,0
0,R,0x8050a480,4,0
0,R,0x8050a4c0,4,0
0,R,0x8050a500,4,0
0,R,0x8050a540,4,0
0,R,0x8050a580,4,0
0,R,0x8050a5c0,4,0
0,R,0x8050a600,4,0
0,R,0x8050a640,4,0
0,R,0x8050a680,4,0
0,R,0x8050a6c0,4,0
0,R,0x8050a700,4,0
0,R,0x8050a740,4,0
0,R,0x8050a780,4,0
0,R,0x8050a7c0,4,0
0,R,0x8050a800,4,0
0,R,0x8050a840,4,0
0,R,0x8050a880,4,0
0,R,0x8050a8c0,4,0
0,R,0x8050a900,4,0
0,R,0x8050a940,4,0
0,R,0x8050a980,4,0
0,R,0x8050a9c0,4,0
0,R,0x8050aa00,4,0
0,R,0x8050aa40,4,0
0,R,0x8050aa80,4,0
0,R,0x8050aac0,4,0
0,R,0x8050ab00,4,0
0,R,0x8050ab40,4,0
0,R,0x8050ab80,4,0
0,R,0x8050abc0,4,0
0,R,0x8050ac00,4,0
0,R,0x8050ac40,4,0
0,R,0x8050ac80,4,0
0,R,0x8050acc0,4,0
0,R,0x8050ad00,4,0
0,R,0x8050ad40,4,0
0,R,0x8050ad80,4,0
0,R,0x8050adc0,4,0
0,R,0x8050ae00,4,0
0,R,0x8050ae40,4,0
0,R,0x8050ae80,4,0
0,R,0x8050aec0,4,0
0,R,0x8050af00,4,0
0,R,0x8050af40,4,0
0,R,0x8050af80,4,0
0,R,0x8050afc0,4,0
0,R,0x8050b000,4,0
0,R,0x8050b040,4,0
0,R,0x8050b080,4,0
0,R,0x8050b0c0,4,0
0,R,0x8050b100,4,0
0,R,0x8050b140,4,0
0,R,0x8050b180,4,0
0,R,0x8050b1c0,4,0
0,R,0x8050b200,4,0
0,R,0x8050b240,4,0
0,R,0x8050b280,4,0
0,R,0x8050b2c0,4,0
0,R,0x8050b300,4,0
0,R,0x8050b340,4,0
0,R,0x8050b380,4,0
0,R,0x8050b3c0,4,0
0,R,0x8050b400,4,0
0,R,0x8050b440,4,0
0,R,0x8050b480,4,0
0,R,0x8050b4c0,4,0
0,R,0x8050b500,4,0
0,R,0x8050b540,4,0
0,R,0x8050b580,4,0
0,R,0x8050b5c0,4,0
0,R,0x8050b600,4,0
0,R,0x8050b640,4,0
0,R,0x8050b680,4,0
0,R,0x8050b6c0,4,0
0,R,0x8050b700,4,0
0,R,0x8050b740,4,0
0,R,0x8050b780,4,0
0,R,0x8050b7c0,4,0
0,R,0x8050b800,4,0
0,R,0x8050b840,4,0
0,R,0x8050b880,4,0
0,R,0x8050b8c0,4,0
0,R,0x8050b900,4,0
0,R,0x8050b940,4,0
0,R,0x8050b980,4,0
0,R,0x8050b9c0,4,0
0,R,0x8050ba00,4,0
0,R,0x8050ba40,4,0
0,R,0x8050ba80,4,0
0,R,0x8050bac0,4,0
0,R,0x8050bb00,4,0
0,R,0x8050bb40,4,0
0,R,0x8050bb80,4,0
0,R,0x8050bbc0,4,0
0,R,0x8050bc00,4,0
0,R,0x8050bc40,4,0
0,R,0x8050bc80,4,0
0,R,0x8050bcc0,4,0
0,R,0x8050bd00,4,0
0,R,0x8050bd40,4,0
0,R,0x8050bd80,4,0
0,R,0x8050bdc0,4,0
0,R,0x8050be00,4,0
0,R,0x8050be40,4,0
0,R,0x8050be80,4,0
0,R,0x8050bec0,4,0
0,R,0x8050bf00,4,0
0,R,0x8050bf40,4,0
0,R,0x8050bf80,4,0
0,R,0x8050bfc0,4,0
0,R,0x8050c000,4,0
0,R,0x8050c040,4,0
0,R,0x8050c080,4,0
0,R,0x8050c0c0,4,0
0,R,0x8050c100,4,0
0,R,0x8050c140,4,0
0,R,0x8050c180,4,0
0,R,0x8050c1c0,4,0
0,R,0x8050c200,4,0
0,R,0x8050c240,4,0
0,R,0x8050c280,4,0
0,R,0x8050c2c0,4,0
0,R,0x8050c300,4,0
0,R,0x8050c340,4,0
0,R,0x8050c380,4,0
0,R,0x8050c3c0,4,0
0,R,0x8050c400,4,0
0,R,0x8050c440,4,0
0,R,0x8050c480,4,0
0,R,0x8050c4c0,4,0
0,R,0x8050c500,4,0
0,R,0x8050c540,4,0
0,R,0x8050c580,4,0
0,R,0x8050c5c0,4,0
0,R,0x8050c600,4,0
0,R,0x8050c640,4,0
0,R,0x8050c680,4,0
0,R,0x8050c6c0,4,0
0,R,0x8050c700,4,0
0,R,0x8050c740,4,0
0,R,0x8050c780,4,0
0,R,0x8050c7c0,4,0
0,R,0x8050c800,4,0
0,R,0x8050c840,4,0
0,R,0x8050c880,4,0
0,R,0x8050c8c0,4,0
0,R,0x8050c900,4,0
0,R,0x8050c940,4,0
0,R,0x8050c980,4,0
0,R,0x8050c9c0,4,0
0,R,0x8050ca00,4,0
0,R,0x8050ca40,4,0
0,R,0x8050ca80,4,0
0,R,0x8050cac0,4,0
0,R,0x8050cb00,4,0
0,R,0x8050cb40,4,0
0,R,0x8050cb80,4,0
0,R,0x8050cbc0,4,0
0,R,0x8050cc00,4,0
0,R,0x8050cc40,4,0
0,R,0x8050cc80,4,0
0,R,0x8050ccc0,4,0
0,R,0x8050cd00,4,0
0,R,0x8050cd40,4,0
0,R,0x8050cd80,4,0
0,R,0x8050cdc0,4,0
0,R,0x8050ce00,4,0
0,R,0x8050ce40,4,0
0,R,0x8050ce80,4,0
0,R,0x8050cec0,4,0
0,R,0x8050cf00,4,0
0,R,0x8050cf40,4,0
0,R,0x8050cf80,4,0
0,R,0x8050cfc0,4,0
0,R,0x8050d000,4,0
0,R,0x8050d040,4,0
0,R,0x8050d080,4,0
0,R,0x8050d0c0,4,0
0,R,0x8050d100,4,0
0,R,0x8050d140,4,0
0,R,0x8050d180,4,0
0,R,0x8050d1c0,4,0
0,R,0x8050d200,4,0
0,R,0x8050d240,4,0
0,R,0x8050d280,4,0
0,R,0x8050d2c0,4,0
0,R,0x8050d300,4,0
0,R,0x8050d340,4,0
0,R,0x8050d380,4,0
0,R,0x8050d3c0,4,0
0,R,0x8050d400,4,0
0,R,0x8050d440,4,0
0,R,0x8050d480,4,0
0,R,0x8050d4c0,4,0
0,R,0x8050d500,4,0
0,R,0x8050d540,4,0
0,R,0x8050d580,4,0
0,R,0x8050d5c0,4,0
0,R,0x8050d600,4,0
0,R,0x8050d640,4,0
0,R,0x8050d680,4,0
0,R,0x8050d6c0,4,0
0,R,0x8050d700,4,0
0,R,0x8050d740,4,0
0,R,0x8050d780,4,0
0,R,0x8050d7c0,4,0
0,R,0x8050d800,4,0
0,R,0x8050d840,4,0
0,R,0x8050d880,4,0
0,R,0x8050d8c0,4,0
0,R,0x8050d900,4,0
0,R,0x8050d940,4,0
0,R,0x8050d980,4,0
0,R,0x8050d9c0,4,0
0,R,0x8050da00,4,0
0,R,0x8050da40,4,0
0,R,0x8050da80,4,0
0,R,0x8050dac0,4,0
0,R,0x8050db00,4,0
0,R,0x8050db40,4,0
0,R,0x8050db80,4,0
0,R,0x8050dbc0,4,0
0,R,0x8050dc00,4,0
0,R,0x8050dc40,4,0
0,R,0x8050dc80,4,0
0,R,0x8050dcc0,4,0
0,R,0x8050dd00,4,0
0,R,0x8050dd40,4,0
0,R,0x8050dd80,4,0
0,R,0x8050ddc0,4,0
0,R,0x8050de00,4,0
0,R,0x8050de40,4,0
0,R,0x8050de80,4,0
0,R,0x8050dec0,4,0
0,R,0x8050df00,4,0
0,R,0x8050df40,4,0
0,R,0x8050df80,4,0
0,R,0x8050dfc0,4,0
0,R,0x8050e000,4,0
0,R,0x8050e040,4,0
0,R,0x8050e080,4,0
0,R,0x8050e0c0,4,0
0,R,0x8050e100,4,0
0,R,0x8050e140,4,0
0,R,0x8050e180,4,0
0,R,0x8050e1c0,4,0
0,R,0x8050e200,4,0
0,R,0x8050e240,4,0
0,R,0x8050e280,4,0
0,R,0x8050e2c0,4,0
0,R,0x8050e300,4,0
0,R,0x8050e340,4,0
0,R,0x8050e380,4,0
0,R,0x8050e3c0,4,0
0,R,0x8050e400,4,0
0,R,0x8050e440,4,0
0,R,0x8050e480,4,0
0,R,0x8050e4c0,4,0
0,R,0x8050e500,4,0
0,R,0x8050e540,4,0
0,R,0x8050e580,4,0
0,R,0x8050e5c0,4,0
0,R,0x8050e600,4,0
0,R,0x8050e640,4,0
0,R,0x8050e680,4,0
0,R,0x8050e6c0,4,0
0,R,0x8050e700,4,0
0,R,0x8050e740,4,0
0,R,0x8050e780,4,0
0,R,0x8050e7c0,4,0
0,R,0x8050e800,4,0
0,R,0x8050e840,4,0
0,R,0x8050e880,4,0
0,R,0x8050e8c0,4,0
0,R,0x8050e900,4,0
0,R,0x8050e940,4,0
0,R,0x8050e980,4,0
0,R,0x8050e9c0,4,0
0,R,0x8050ea00,4,0
0,R,0x8050ea40,4,0
0,R,0x8050ea80,4,0
0,R,0x8050eac0,4,0
0,R,0x8050eb00,4,0
0,R,0x8050eb40,4,0
0,R,0x8050eb80,4,0
0,R,0x8050ebc0,4,0
0,R,0x8050ec00,4,0
0,R,0x8050ec40,4,0
0,R,0x8050ec80,4,0
0,R,0x8050ecc0,4,0
0,R,0x8050ed00,4,0
0,R,0x8050ed40,4,0
0,R,0x8050ed80,4,0
0,R,0x8050edc0,4,0
0,R,0x8050ee00,4,0
0,R,0x8050ee40,4,0
0,R,0x8050ee80,4,0
0,R,0x8050eec0,4,0
0,R,0x8050ef00,4,0
0,R,0x8050ef40,4,0
0,R,0x8050ef80,4,0
0,R,0x8050efc0,4,0
0,R,0x8050f000,4,0
0,R,0x8050f040,4,0
0,R,0x8050f080,4,0
0,R,0x8050f0c0,4,0
0,R,0x8050f100,4,0
0,R,0x8050f140,4,0
0,R,0x8050f180,4,0
0,R,0x8050f1c0,4,0
0,R,0x8050f200,4,0
0,R,0x8050f240,4,0
0,R,0x8050f280,4,0
0,R,0x8050f2c0,4,0
0,R,0x8050f300,4,0
0,R,0x8050f340,4,0
0,R,0x8050f380,4,0
0,R,0x8050f3c0,4,0
0,R,0x8050f400,4,0
0,R,0x8050f440,4,0
0,R,0x8050f480,4,0
0,R,0x8050f4c0,4,0
0,R,0x8050f500,4,0
0,R,0x8050f540,4,0
0,R,0x8050f580,4,0
0,R,0x8050f5c0,4,0
0,R,0x8050f600,4,0
0,R,0x8050f640,4,0
0,R,0x8050f680,4,0
0,R,0x8050f6c0,4,0
0,R,0x8050f700,4,0
0,R,0x8050f740,4,0
0,R,0x8050f780,4,0
0,R,0x8050f7c0,4,0
0,R,0x8050f800,4,0
0,R,0x8050f840,4,0
0,R,0x8050f880,4,0
0,R,0x8050f8c0,4,0
0,R,0x8050f900,4,0
0,R,0x8050f940,4,0
0,R,0x8050f980,4,0
0,R,0x8050f9c0,4,0
0,R,0x8050fa00,4,0
0,R,0x8050fa40,4,0
0,R,0x8050fa80,4,0
0,R,0x8050fac0,4,0
0,R,0x8050fb00,4,0
0,R,0x8050fb40,4,0
0,R,0x8050fb80,4,0
0,R,0x8050fbc0,4,0
0,R,0x8050fc00,4,0
0,R,0x8050fc40,4,0
0,R,0x8050fc80,4,0
0,R,0x8050fcc0,4,0
0,R,0x8050fd00,4,0
0,R,0x8050fd40,4,0
0,R,0x8050fd80,4,0
0,R,0x8050fdc0,4,0
0,R,0x8050fe00,4,0
0,R,0x8050fe40,4,0
0,R,0x8050fe80,4,0
0,R,0x8050fec0,4,0
0,R,0x8050ff00,4,0
0,R,0x8050ff40,4,0
0,R,0x8050ff80,4,0
0,R,0x8050ffc0,4,0
