# evict_dirty_fill — generated by gen_traces.py
# port,rw,addr,size,delay
0,W,0x80100000,4,0
0,W,0x80100040,4,0
0,W,0x80100080,4,0
0,W,0x801000c0,4,0
0,W,0x80100100,4,0
0,W,0x80100140,4,0
0,W,0x80100180,4,0
0,W,0x801001c0,4,0
0,W,0x80100200,4,0
0,W,0x80100240,4,0
0,W,0x80100280,4,0
0,W,0x801002c0,4,0
0,W,0x80100300,4,0
0,W,0x80100340,4,0
0,W,0x80100380,4,0
0,W,0x801003c0,4,0
0,W,0x80100400,4,0
0,W,0x80100440,4,0
0,W,0x80100480,4,0
0,W,0x801004c0,4,0
0,W,0x80100500,4,0
0,W,0x80100540,4,0
0,W,0x80100580,4,0
0,W,0x801005c0,4,0
0,W,0x80100600,4,0
0,W,0x80100640,4,0
0,W,0x80100680,4,0
0,W,0x801006c0,4,0
0,W,0x80100700,4,0
0,W,0x80100740,4,0
0,W,0x80100780,4,0
0,W,0x801007c0,4,0
0,W,0x80100800,4,0
0,W,0x80100840,4,0
0,W,0x80100880,4,0
0,W,0x801008c0,4,0
0,W,0x80100900,4,0
0,W,0x80100940,4,0
0,W,0x80100980,4,0
0,W,0x801009c0,4,0
0,W,0x80100a00,4,0
0,W,0x80100a40,4,0
0,W,0x80100a80,4,0
0,W,0x80100ac0,4,0
0,W,0x80100b00,4,0
0,W,0x80100b40,4,0
0,W,0x80100b80,4,0
0,W,0x80100bc0,4,0
0,W,0x80100c00,4,0
0,W,0x80100c40,4,0
0,W,0x80100c80,4,0
0,W,0x80100cc0,4,0
0,W,0x80100d00,4,0
0,W,0x80100d40,4,0
0,W,0x80100d80,4,0
0,W,0x80100dc0,4,0
0,W,0x80100e00,4,0
0,W,0x80100e40,4,0
0,W,0x80100e80,4,0
0,W,0x80100ec0,4,0
0,W,0x80100f00,4,0
0,W,0x80100f40,4,0
0,W,0x80100f80,4,0
0,W,0x80100fc0,4,0
0,W,0x80101000,4,0
0,W,0x80101040,4,0
0,W,0x80101080,4,0
0,W,0x801010c0,4,0
0,W,0x80101100,4,0
0,W,0x80101140,4,0
0,W,0x80101180,4,0
0,W,0x801011c0,4,0
0,W,0x80101200,4,0
0,W,0x80101240,4,0
0,W,0x80101280,4,0
0,W,0x801012c0,4,0
0,W,0x80101300,4,0
0,W,0x80101340,4,0
0,W,0x80101380,4,0
0,W,0x801013c0,4,0
0,W,0x80101400,4,0
0,W,0x80101440,4,0
0,W,0x80101480,4,0
0,W,0x801014c0,4,0
0,W,0x80101500,4,0
0,W,0x80101540,4,0
0,W,0x80101580,4,0
0,W,0x801015c0,4,0
0,W,0x80101600,4,0
0,W,0x80101640,4,0
0,W,0x80101680,4,0
0,W,0x801016c0,4,0
0,W,0x80101700,4,0
0,W,0x80101740,4,0
0,W,0x80101780,4,0
0,W,0x801017c0,4,0
0,W,0x80101800,4,0
0,W,0x80101840,4,0
0,W,0x80101880,4,0
0,W,0x801018c0,4,0
0,W,0x80101900,4,0
0,W,0x80101940,4,0
0,W,0x80101980,4,0
0,W,0x801019c0,4,0
0,W,0x80101a00,4,0
0,W,0x80101a40,4,0
0,W,0x80101a80,4,0
0,W,0x80101ac0,4,0
0,W,0x80101b00,4,0
0,W,0x80101b40,4,0
0,W,0x80101b80,4,0
0,W,0x80101bc0,4,0
0,W,0x80101c00,4,0
0,W,0x80101c40,4,0
0,W,0x80101c80,4,0
0,W,0x80101cc0,4,0
0,W,0x80101d00,4,0
0,W,0x80101d40,4,0
0,W,0x80101d80,4,0
0,W,0x80101dc0,4,0
0,W,0x80101e00,4,0
0,W,0x80101e40,4,0
0,W,0x80101e80,4,0
0,W,0x80101ec0,4,0
0,W,0x80101f00,4,0
0,W,0x80101f40,4,0
0,W,0x80101f80,4,0
0,W,0x80101fc0,4,0
0,W,0x80102000,4,0
0,W,0x80102040,4,0
0,W,0x80102080,4,0
0,W,0x801020c0,4,0
0,W,0x80102100,4,0
0,W,0x80102140,4,0
0,W,0x80102180,4,0
0,W,0x801021c0,4,0
0,W,0x80102200,4,0
0,W,0x80102240,4,0
0,W,0x80102280,4,0
0,W,0x801022c0,4,0
0,W,0x80102300,4,0
0,W,0x80102340,4,0
0,W,0x80102380,4,0
0,W,0x801023c0,4,0
0,W,0x80102400,4,0
0,W,0x80102440,4,0
0,W,0x80102480,4,0
0,W,0x801024c0,4,0
0,W,0x80102500,4,0
0,W,0x80102540,4,0
0,W,0x80102580,4,0
0,W,0x801025c0,4,0
0,W,0x80102600,4,0
0,W,0x80102640,4,0
0,W,0x80102680,4,0
0,W,0x801026c0,4,0
0,W,0x80102700,4,0
0,W,0x80102740,4,0
0,W,0x80102780,4,0
0,W,0x801027c0,4,0
0,W,0x80102800,4,0
0,W,0x80102840,4,0
0,W,0x80102880,4,0
0,W,0x801028c0,4,0
0,W,0x80102900,4,0
0,W,0x80102940,4,0
0,W,0x80102980,4,0
0,W,0x801029c0,4,0
0,W,0x80102a00,4,0
0,W,0x80102a40,4,0
0,W,0x80102a80,4,0
0,W,0x80102ac0,4,0
0,W,0x80102b00,4,0
0,W,0x80102b40,4,0
0,W,0x80102b80,4,0
0,W,0x80102bc0,4,0
0,W,0x80102c00,4,0
0,W,0x80102c40,4,0
0,W,0x80102c80,4,0
0,W,0x80102cc0,4,0
0,W,0x80102d00,4,0
0,W,0x80102d40,4,0
0,W,0x80102d80,4,0
0,W,0x80102dc0,4,0
0,W,0x80102e00,4,0
0,W,0x80102e40,4,0
0,W,0x80102e80,4,0
0,W,0x80102ec0,4,0
0,W,0x80102f00,4,0
0,W,0x80102f40,4,0
0,W,0x80102f80,4,0
0,W,0x80102fc0,4,0
0,W,0x80103000,4,0
0,W,0x80103040,4,0
0,W,0x80103080,4,0
0,W,0x801030c0,4,0
0,W,0x80103100,4,0
0,W,0x80103140,4,0
0,W,0x80103180,4,0
0,W,0x801031c0,4,0
0,W,0x80103200,4,0
0,W,0x80103240,4,0
0,W,0x80103280,4,0
0,W,0x801032c0,4,0
0,W,0x80103300,4,0
0,W,0x80103340,4,0
0,W,0x80103380,4,0
0,W,0x801033c0,4,0
0,W,0x80103400,4,0
0,W,0x80103440,4,0
0,W,0x80103480,4,0
0,W,0x801034c0,4,0
0,W,0x80103500,4,0
0,W,0x80103540,4,0
0,W,0x80103580,4,0
0,W,0x801035c0,4,0
0,W,0x80103600,4,0
0,W,0x80103640,4,0
0,W,0x80103680,4,0
0,W,0x801036c0,4,0
0,W,0x80103700,4,0
0,W,0x80103740,4,0
0,W,0x80103780,4,0
0,W,0x801037c0,4,0
0,W,0x80103800,4,0
0,W,0x80103840,4,0
0,W,0x80103880,4,0
0,W,0x801038c0,4,0
0,W,0x80103900,4,0
0,W,0x80103940,4,0
0,W,0x80103980,4,0
0,W,0x801039c0,4,0
0,W,0x80103a00,4,0
0,W,0x80103a40,4,0
0,W,0x80103a80,4,0
0,W,0x80103ac0,4,0
0,W,0x80103b00,4,0
0,W,0x80103b40,4,0
0,W,0x80103b80,4,0
0,W,0x80103bc0,4,0
0,W,0x80103c00,4,0
0,W,0x80103c40,4,0
0,W,0x80103c80,4,0
0,W,0x80103cc0,4,0
0,W,0x80103d00,4,0
0,W,0x80103d40,4,0
0,W,0x80103d80,4,0
0,W,0x80103dc0,4,0
0,W,0x80103e00,4,0
0,W,0x80103e40,4,0
0,W,0x80103e80,4,0
0,W,0x80103ec0,4,0
0,W,0x80103f00,4,0
0,W,0x80103f40,4,0
0,W,0x80103f80,4,0
0,W,0x80103fc0,4,0
0,W,0x80104000,4,0
0,W,0x80104040,4,0
0,W,0x80104080,4,0
0,W,0x801040c0,4,0
0,W,0x80104100,4,0
0,W,0x80104140,4,0
0,W,0x80104180,4,0
0,W,0x801041c0,4,0
0,W,0x80104200,4,0
0,W,0x80104240,4,0
0,W,0x80104280,4,0
0,W,0x801042c0,4,0
0,W,0x80104300,4,0
0,W,0x80104340,4,0
0,W,0x80104380,4,0
0,W,0x801043c0,4,0
0,W,0x80104400,4,0
0,W,0x80104440,4,0
0,W,0x80104480,4,0
0,W,0x801044c0,4,0
0,W,0x80104500,4,0
0,W,0x80104540,4,0
0,W,0x80104580,4,0
0,W,0x801045c0,4,0
0,W,0x80104600,4,0
0,W,0x80104640,4,0
0,W,0x80104680,4,0
0,W,0x801046c0,4,0
0,W,0x80104700,4,0
0,W,0x80104740,4,0
0,W,0x80104780,4,0
0,W,0x801047c0,4,0
0,W,0x80104800,4,0
0,W,0x80104840,4,0
0,W,0x80104880,4,0
0,W,0x801048c0,4,0
0,W,0x80104900,4,0
0,W,0x80104940,4,0
0,W,0x80104980,4,0
0,W,0x801049c0,4,0
0,W,0x80104a00,4,0
0,W,0x80104a40,4,0
0,W,0x80104a80,4,0
0,W,0x80104ac0,4,0
0,W,0x80104b00,4,0
0,W,0x80104b40,4,0
0,W,0x80104b80,4,0
0,W,0x80104bc0,4,0
0,W,0x80104c00,4,0
0,W,0x80104c40,4,0
0,W,0x80104c80,4,0
0,W,0x80104cc0,4,0
0,W,0x80104d00,4,0
0,W,0x80104d40,4,0
0,W,0x80104d80,4,0
0,W,0x80104dc0,4,0
0,W,0x80104e00,4,0
0,W,0x80104e40,4,0
0,W,0x80104e80,4,0
0,W,0x80104ec0,4,0
0,W,0x80104f00,4,0
0,W,0x80104f40,4,0
0,W,0x80104f80,4,0
0,W,0x80104fc0,4,0
0,W,0x80105000,4,0
0,W,0x80105040,4,0
0,W,0x80105080,4,0
0,W,0x801050c0,4,0
0,W,0x80105100,4,0
0,W,0x80105140,4,0
0,W,0x80105180,4,0
0,W,0x801051c0,4,0
0,W,0x80105200,4,0
0,W,0x80105240,4,0
0,W,0x80105280,4,0
0,W,0x801052c0,4,0
0,W,0x80105300,4,0
0,W,0x80105340,4,0
0,W,0x80105380,4,0
0,W,0x801053c0,4,0
0,W,0x80105400,4,0
0,W,0x80105440,4,0
0,W,0x80105480,4,0
0,W,0x801054c0,4,0
0,W,0x80105500,4,0
0,W,0x80105540,4,0
0,W,0x80105580,4,0
0,W,0x801055c0,4,0
0,W,0x80105600,4,0
0,W,0x80105640,4,0
0,W,0x80105680,4,0
0,W,0x801056c0,4,0
0,W,0x80105700,4,0
0,W,0x80105740,4,0
0,W,0x80105780,4,0
0,W,0x801057c0,4,0
0,W,0x80105800,4,0
0,W,0x80105840,4,0
0,W,0x80105880,4,0
0,W,0x801058c0,4,0
0,W,0x80105900,4,0
0,W,0x80105940,4,0
0,W,0x80105980,4,0
0,W,0x801059c0,4,0
0,W,0x80105a00,4,0
0,W,0x80105a40,4,0
0,W,0x80105a80,4,0
0,W,0x80105ac0,4,0
0,W,0x80105b00,4,0
0,W,0x80105b40,4,0
0,W,0x80105b80,4,0
0,W,0x80105bc0,4,0
0,W,0x80105c00,4,0
0,W,0x80105c40,4,0
0,W,0x80105c80,4,0
0,W,0x80105cc0,4,0
0,W,0x80105d00,4,0
0,W,0x80105d40,4,0
0,W,0x80105d80,4,0
0,W,0x80105dc0,4,0
0,W,0x80105e00,4,0
0,W,0x80105e40,4,0
0,W,0x80105e80,4,0
0,W,0x80105ec0,4,0
0,W,0x80105f00,4,0
0,W,0x80105f40,4,0
0,W,0x80105f80,4,0
0,W,0x80105fc0,4,0
0,W,0x80106000,4,0
0,W,0x80106040,4,0
0,W,0x80106080,4,0
0,W,0x801060c0,4,0
0,W,0x80106100,4,0
0,W,0x80106140,4,0
0,W,0x80106180,4,0
0,W,0x801061c0,4,0
0,W,0x80106200,4,0
0,W,0x80106240,4,0
0,W,0x80106280,4,0
0,W,0x801062c0,4,0
0,W,0x80106300,4,0
0,W,0x80106340,4,0
0,W,0x80106380,4,0
0,W,0x801063c0,4,0
0,W,0x80106400,4,0
0,W,0x80106440,4,0
0,W,0x80106480,4,0
0,W,0x801064c0,4,0
0,W,0x80106500,4,0
0,W,0x80106540,4,0
0,W,0x80106580,4,0
0,W,0x801065c0,4,0
0,W,0x80106600,4,0
0,W,0x80106640,4,0
0,W,0x80106680,4,0
0,W,0x801066c0,4,0
0,W,0x80106700,4,0
0,W,0x80106740,4,0
0,W,0x80106780,4,0
0,W,0x801067c0,4,0
0,W,0x80106800,4,0
0,W,0x80106840,4,0
0,W,0x80106880,4,0
0,W,0x801068c0,4,0
0,W,0x80106900,4,0
0,W,0x80106940,4,0
0,W,0x80106980,4,0
0,W,0x801069c0,4,0
0,W,0x80106a00,4,0
0,W,0x80106a40,4,0
0,W,0x80106a80,4,0
0,W,0x80106ac0,4,0
0,W,0x80106b00,4,0
0,W,0x80106b40,4,0
0,W,0x80106b80,4,0
0,W,0x80106bc0,4,0
0,W,0x80106c00,4,0
0,W,0x80106c40,4,0
0,W,0x80106c80,4,0
0,W,0x80106cc0,4,0
0,W,0x80106d00,4,0
0,W,0x80106d40,4,0
0,W,0x80106d80,4,0
0,W,0x80106dc0,4,0
0,W,0x80106e00,4,0
0,W,0x80106e40,4,0
0,W,0x80106e80,4,0
0,W,0x80106ec0,4,0
0,W,0x80106f00,4,0
0,W,0x80106f40,4,0
0,W,0x80106f80,4,0
0,W,0x80106fc0,4,0
0,W,0x80107000,4,0
0,W,0x80107040,4,0
0,W,0x80107080,4,0
0,W,0x801070c0,4,0
0,W,0x80107100,4,0
0,W,0x80107140,4,0
0,W,0x80107180,4,0
0,W,0x801071c0,4,0
0,W,0x80107200,4,0
0,W,0x80107240,4,0
0,W,0x80107280,4,0
0,W,0x801072c0,4,0
0,W,0x80107300,4,0
0,W,0x80107340,4,0
0,W,0x80107380,4,0
0,W,0x801073c0,4,0
0,W,0x80107400,4,0
0,W,0x80107440,4,0
0,W,0x80107480,4,0
0,W,0x801074c0,4,0
0,W,0x80107500,4,0
0,W,0x80107540,4,0
0,W,0x80107580,4,0
0,W,0x801075c0,4,0
0,W,0x80107600,4,0
0,W,0x80107640,4,0
0,W,0x80107680,4,0
0,W,0x801076c0,4,0
0,W,0x80107700,4,0
0,W,0x80107740,4,0
0,W,0x80107780,4,0
0,W,0x801077c0,4,0
0,W,0x80107800,4,0
0,W,0x80107840,4,0
0,W,0x80107880,4,0
0,W,0x801078c0,4,0
0,W,0x80107900,4,0
0,W,0x80107940,4,0
0,W,0x80107980,4,0
0,W,0x801079c0,4,0
0,W,0x80107a00,4,0
0,W,0x80107a40,4,0
0,W,0x80107a80,4,0
0,W,0x80107ac0,4,0
0,W,0x80107b00,4,0
0,W,0x80107b40,4,0
0,W,0x80107b80,4,0
0,W,0x80107bc0,4,0
0,W,0x80107c00,4,0
0,W,0x80107c40,4,0
0,W,0x80107c80,4,0
0,W,0x80107cc0,4,0
0,W,0x80107d00,4,0
0,W,0x80107d40,4,0
0,W,0x80107d80,4,0
0,W,0x80107dc0,4,0
0,W,0x80107e00,4,0
0,W,0x80107e40,4,0
0,W,0x80107e80,4,0
0,W,0x80107ec0,4,0
0,W,0x80107f00,4,0
0,W,0x80107f40,4,0
0,W,0x80107f80,4,0
0,W,0x80107fc0,4,0
0,W,0x80108000,4,0
0,W,0x80108040,4,0
0,W,0x80108080,4,0
0,W,0x801080c0,4,0
0,W,0x80108100,4,0
0,W,0x80108140,4,0
0,W,0x80108180,4,0
0,W,0x801081c0,4,0
0,W,0x80108200,4,0
0,W,0x80108240,4,0
0,W,0x80108280,4,0
0,W,0x801082c0,4,0
0,W,0x80108300,4,0
0,W,0x80108340,4,0
0,W,0x80108380,4,0
0,W,0x801083c0,4,0
0,W,0x80108400,4,0
0,W,0x80108440,4,0
0,W,0x80108480,4,0
0,W,0x801084c0,4,0
0,W,0x80108500,4,0
0,W,0x80108540,4,0
0,W,0x80108580,4,0
0,W,0x801085c0,4,0
0,W,0x80108600,4,0
0,W,0x80108640,4,0
0,W,0x80108680,4,0
0,W,0x801086c0,4,0
0,W,0x80108700,4,0
0,W,0x80108740,4,0
0,W,0x80108780,4,0
0,W,0x801087c0,4,0
0,W,0x80108800,4,0
0,W,0x80108840,4,0
0,W,0x80108880,4,0
0,W,0x801088c0,4,0
0,W,0x80108900,4,0
0,W,0x80108940,4,0
0,W,0x80108980,4,0
0,W,0x801089c0,4,0
0,W,0x80108a00,4,0
0,W,0x80108a40,4,0
0,W,0x80108a80,4,0
0,W,0x80108ac0,4,0
0,W,0x80108b00,4,0
0,W,0x80108b40,4,0
0,W,0x80108b80,4,0
0,W,0x80108bc0,4,0
0,W,0x80108c00,4,0
0,W,0x80108c40,4,0
0,W,0x80108c80,4,0
0,W,0x80108cc0,4,0
0,W,0x80108d00,4,0
0,W,0x80108d40,4,0
0,W,0x80108d80,4,0
0,W,0x80108dc0,4,0
0,W,0x80108e00,4,0
0,W,0x80108e40,4,0
0,W,0x80108e80,4,0
0,W,0x80108ec0,4,0
0,W,0x80108f00,4,0
0,W,0x80108f40,4,0
0,W,0x80108f80,4,0
0,W,0x80108fc0,4,0
0,W,0x80109000,4,0
0,W,0x80109040,4,0
0,W,0x80109080,4,0
0,W,0x801090c0,4,0
0,W,0x80109100,4,0
0,W,0x80109140,4,0
0,W,0x80109180,4,0
0,W,0x801091c0,4,0
0,W,0x80109200,4,0
0,W,0x80109240,4,0
0,W,0x80109280,4,0
0,W,0x801092c0,4,0
0,W,0x80109300,4,0
0,W,0x80109340,4,0
0,W,0x80109380,4,0
0,W,0x801093c0,4,0
0,W,0x80109400,4,0
0,W,0x80109440,4,0
0,W,0x80109480,4,0
0,W,0x801094c0,4,0
0,W,0x80109500,4,0
0,W,0x80109540,4,0
0,W,0x80109580,4,0
0,W,0x801095c0,4,0
0,W,0x80109600,4,0
0,W,0x80109640,4,0
0,W,0x80109680,4,0
0,W,0x801096c0,4,0
0,W,0x80109700,4,0
0,W,0x80109740,4,0
0,W,0x80109780,4,0
0,W,0x801097c0,4,0
0,W,0x80109800,4,0
0,W,0x80109840,4,0
0,W,0x80109880,4,0
0,W,0x801098c0,4,0
0,W,0x80109900,4,0
0,W,0x80109940,4,0
0,W,0x80109980,4,0
0,W,0x801099c0,4,0
0,W,0x80109a00,4,0
0,W,0x80109a40,4,0
0,W,0x80109a80,4,0
0,W,0x80109ac0,4,0
0,W,0x80109b00,4,0
0,W,0x80109b40,4,0
0,W,0x80109b80,4,0
0,W,0x80109bc0,4,0
0,W,0x80109c00,4,0
0,W,0x80109c40,4,0
0,W,0x80109c80,4,0
0,W,0x80109cc0,4,0
0,W,0x80109d00,4,0
0,W,0x80109d40,4,0
0,W,0x80109d80,4,0
0,W,0x80109dc0,4,0
0,W,0x80109e00,4,0
0,W,0x80109e40,4,0
0,W,0x80109e80,4,0
0,W,0x80109ec0,4,0
0,W,0x80109f00,4,0
0,W,0x80109f40,4,0
0,W,0x80109f80,4,0
0,W,0x80109fc0,4,0
0,W,0x8010a000,4,0
0,W,0x8010a040,4,0
0,W,0x8010a080,4,0
0,W,0x8010a0c0,4,0
0,W,0x8010a100,4,0
0,W,0x8010a140,4,0
0,W,0x8010a180,4,0
0,W,0x8010a1c0,4,0
0,W,0x8010a200,4,0
0,W,0x8010a240,4,0
0,W,0x8010a280,4,0
0,W,0x8010a2c0,4,0
0,W,0x8010a300,4,0
0,W,0x8010a340,4,0
0,W,0x8010a380,4,0
0,W,0x8010a3c0,4,0
0,W,0x8010a400,4,0
0,W,0x8010a440,4,0
0,W,0x8010a480,4,0
0,W,0x8010a4c0,4,0
0,W,0x8010a500,4,0
0,W,0x8010a540,4,0
0,W,0x8010a580,4,0
0,W,0x8010a5c0,4,0
0,W,0x8010a600,4,0
0,W,0x8010a640,4,0
0,W,0x8010a680,4,0
0,W,0x8010a6c0,4,0
0,W,0x8010a700,4,0
0,W,0x8010a740,4,0
0,W,0x8010a780,4,0
0,W,0x8010a7c0,4,0
0,W,0x8010a800,4,0
0,W,0x8010a840,4,0
0,W,0x8010a880,4,0
0,W,0x8010a8c0,4,0
0,W,0x8010a900,4,0
0,W,0x8010a940,4,0
0,W,0x8010a980,4,0
0,W,0x8010a9c0,4,0
0,W,0x8010aa00,4,0
0,W,0x8010aa40,4,0
0,W,0x8010aa80,4,0
0,W,0x8010aac0,4,0
0,W,0x8010ab00,4,0
0,W,0x8010ab40,4,0
0,W,0x8010ab80,4,0
0,W,0x8010abc0,4,0
0,W,0x8010ac00,4,0
0,W,0x8010ac40,4,0
0,W,0x8010ac80,4,0
0,W,0x8010acc0,4,0
0,W,0x8010ad00,4,0
0,W,0x8010ad40,4,0
0,W,0x8010ad80,4,0
0,W,0x8010adc0,4,0
0,W,0x8010ae00,4,0
0,W,0x8010ae40,4,0
0,W,0x8010ae80,4,0
0,W,0x8010aec0,4,0
0,W,0x8010af00,4,0
0,W,0x8010af40,4,0
0,W,0x8010af80,4,0
0,W,0x8010afc0,4,0
0,W,0x8010b000,4,0
0,W,0x8010b040,4,0
0,W,0x8010b080,4,0
0,W,0x8010b0c0,4,0
0,W,0x8010b100,4,0
0,W,0x8010b140,4,0
0,W,0x8010b180,4,0
0,W,0x8010b1c0,4,0
0,W,0x8010b200,4,0
0,W,0x8010b240,4,0
0,W,0x8010b280,4,0
0,W,0x8010b2c0,4,0
0,W,0x8010b300,4,0
0,W,0x8010b340,4,0
0,W,0x8010b380,4,0
0,W,0x8010b3c0,4,0
0,W,0x8010b400,4,0
0,W,0x8010b440,4,0
0,W,0x8010b480,4,0
0,W,0x8010b4c0,4,0
0,W,0x8010b500,4,0
0,W,0x8010b540,4,0
0,W,0x8010b580,4,0
0,W,0x8010b5c0,4,0
0,W,0x8010b600,4,0
0,W,0x8010b640,4,0
0,W,0x8010b680,4,0
0,W,0x8010b6c0,4,0
0,W,0x8010b700,4,0
0,W,0x8010b740,4,0
0,W,0x8010b780,4,0
0,W,0x8010b7c0,4,0
0,W,0x8010b800,4,0
0,W,0x8010b840,4,0
0,W,0x8010b880,4,0
0,W,0x8010b8c0,4,0
0,W,0x8010b900,4,0
0,W,0x8010b940,4,0
0,W,0x8010b980,4,0
0,W,0x8010b9c0,4,0
0,W,0x8010ba00,4,0
0,W,0x8010ba40,4,0
0,W,0x8010ba80,4,0
0,W,0x8010bac0,4,0
0,W,0x8010bb00,4,0
0,W,0x8010bb40,4,0
0,W,0x8010bb80,4,0
0,W,0x8010bbc0,4,0
0,W,0x8010bc00,4,0
0,W,0x8010bc40,4,0
0,W,0x8010bc80,4,0
0,W,0x8010bcc0,4,0
0,W,0x8010bd00,4,0
0,W,0x8010bd40,4,0
0,W,0x8010bd80,4,0
0,W,0x8010bdc0,4,0
0,W,0x8010be00,4,0
0,W,0x8010be40,4,0
0,W,0x8010be80,4,0
0,W,0x8010bec0,4,0
0,W,0x8010bf00,4,0
0,W,0x8010bf40,4,0
0,W,0x8010bf80,4,0
0,W,0x8010bfc0,4,0
0,W,0x8010c000,4,0
0,W,0x8010c040,4,0
0,W,0x8010c080,4,0
0,W,0x8010c0c0,4,0
0,W,0x8010c100,4,0
0,W,0x8010c140,4,0
0,W,0x8010c180,4,0
0,W,0x8010c1c0,4,0
0,W,0x8010c200,4,0
0,W,0x8010c240,4,0
0,W,0x8010c280,4,0
0,W,0x8010c2c0,4,0
0,W,0x8010c300,4,0
0,W,0x8010c340,4,0
0,W,0x8010c380,4,0
0,W,0x8010c3c0,4,0
0,W,0x8010c400,4,0
0,W,0x8010c440,4,0
0,W,0x8010c480,4,0
0,W,0x8010c4c0,4,0
0,W,0x8010c500,4,0
0,W,0x8010c540,4,0
0,W,0x8010c580,4,0
0,W,0x8010c5c0,4,0
0,W,0x8010c600,4,0
0,W,0x8010c640,4,0
0,W,0x8010c680,4,0
0,W,0x8010c6c0,4,0
0,W,0x8010c700,4,0
0,W,0x8010c740,4,0
0,W,0x8010c780,4,0
0,W,0x8010c7c0,4,0
0,W,0x8010c800,4,0
0,W,0x8010c840,4,0
0,W,0x8010c880,4,0
0,W,0x8010c8c0,4,0
0,W,0x8010c900,4,0
0,W,0x8010c940,4,0
0,W,0x8010c980,4,0
0,W,0x8010c9c0,4,0
0,W,0x8010ca00,4,0
0,W,0x8010ca40,4,0
0,W,0x8010ca80,4,0
0,W,0x8010cac0,4,0
0,W,0x8010cb00,4,0
0,W,0x8010cb40,4,0
0,W,0x8010cb80,4,0
0,W,0x8010cbc0,4,0
0,W,0x8010cc00,4,0
0,W,0x8010cc40,4,0
0,W,0x8010cc80,4,0
0,W,0x8010ccc0,4,0
0,W,0x8010cd00,4,0
0,W,0x8010cd40,4,0
0,W,0x8010cd80,4,0
0,W,0x8010cdc0,4,0
0,W,0x8010ce00,4,0
0,W,0x8010ce40,4,0
0,W,0x8010ce80,4,0
0,W,0x8010cec0,4,0
0,W,0x8010cf00,4,0
0,W,0x8010cf40,4,0
0,W,0x8010cf80,4,0
0,W,0x8010cfc0,4,0
0,W,0x8010d000,4,0
0,W,0x8010d040,4,0
0,W,0x8010d080,4,0
0,W,0x8010d0c0,4,0
0,W,0x8010d100,4,0
0,W,0x8010d140,4,0
0,W,0x8010d180,4,0
0,W,0x8010d1c0,4,0
0,W,0x8010d200,4,0
0,W,0x8010d240,4,0
0,W,0x8010d280,4,0
0,W,0x8010d2c0,4,0
0,W,0x8010d300,4,0
0,W,0x8010d340,4,0
0,W,0x8010d380,4,0
0,W,0x8010d3c0,4,0
0,W,0x8010d400,4,0
0,W,0x8010d440,4,0
0,W,0x8010d480,4,0
0,W,0x8010d4c0,4,0
0,W,0x8010d500,4,0
0,W,0x8010d540,4,0
0,W,0x8010d580,4,0
0,W,0x8010d5c0,4,0
0,W,0x8010d600,4,0
0,W,0x8010d640,4,0
0,W,0x8010d680,4,0
0,W,0x8010d6c0,4,0
0,W,0x8010d700,4,0
0,W,0x8010d740,4,0
0,W,0x8010d780,4,0
0,W,0x8010d7c0,4,0
0,W,0x8010d800,4,0
0,W,0x8010d840,4,0
0,W,0x8010d880,4,0
0,W,0x8010d8c0,4,0
0,W,0x8010d900,4,0
0,W,0x8010d940,4,0
0,W,0x8010d980,4,0
0,W,0x8010d9c0,4,0
0,W,0x8010da00,4,0
0,W,0x8010da40,4,0
0,W,0x8010da80,4,0
0,W,0x8010dac0,4,0
0,W,0x8010db00,4,0
0,W,0x8010db40,4,0
0,W,0x8010db80,4,0
0,W,0x8010dbc0,4,0
0,W,0x8010dc00,4,0
0,W,0x8010dc40,4,0
0,W,0x8010dc80,4,0
0,W,0x8010dcc0,4,0
0,W,0x8010dd00,4,0
0,W,0x8010dd40,4,0
0,W,0x8010dd80,4,0
0,W,0x8010ddc0,4,0
0,W,0x8010de00,4,0
0,W,0x8010de40,4,0
0,W,0x8010de80,4,0
0,W,0x8010dec0,4,0
0,W,0x8010df00,4,0
0,W,0x8010df40,4,0
0,W,0x8010df80,4,0
0,W,0x8010dfc0,4,0
0,W,0x8010e000,4,0
0,W,0x8010e040,4,0
0,W,0x8010e080,4,0
0,W,0x8010e0c0,4,0
0,W,0x8010e100,4,0
0,W,0x8010e140,4,0
0,W,0x8010e180,4,0
0,W,0x8010e1c0,4,0
0,W,0x8010e200,4,0
0,W,0x8010e240,4,0
0,W,0x8010e280,4,0
0,W,0x8010e2c0,4,0
0,W,0x8010e300,4,0
0,W,0x8010e340,4,0
0,W,0x8010e380,4,0
0,W,0x8010e3c0,4,0
0,W,0x8010e400,4,0
0,W,0x8010e440,4,0
0,W,0x8010e480,4,0
0,W,0x8010e4c0,4,0
0,W,0x8010e500,4,0
0,W,0x8010e540,4,0
0,W,0x8010e580,4,0
0,W,0x8010e5c0,4,0
0,W,0x8010e600,4,0
0,W,0x8010e640,4,0
0,W,0x8010e680,4,0
0,W,0x8010e6c0,4,0
0,W,0x8010e700,4,0
0,W,0x8010e740,4,0
0,W,0x8010e780,4,0
0,W,0x8010e7c0,4,0
0,W,0x8010e800,4,0
0,W,0x8010e840,4,0
0,W,0x8010e880,4,0
0,W,0x8010e8c0,4,0
0,W,0x8010e900,4,0
0,W,0x8010e940,4,0
0,W,0x8010e980,4,0
0,W,0x8010e9c0,4,0
0,W,0x8010ea00,4,0
0,W,0x8010ea40,4,0
0,W,0x8010ea80,4,0
0,W,0x8010eac0,4,0
0,W,0x8010eb00,4,0
0,W,0x8010eb40,4,0
0,W,0x8010eb80,4,0
0,W,0x8010ebc0,4,0
0,W,0x8010ec00,4,0
0,W,0x8010ec40,4,0
0,W,0x8010ec80,4,0
0,W,0x8010ecc0,4,0
0,W,0x8010ed00,4,0
0,W,0x8010ed40,4,0
0,W,0x8010ed80,4,0
0,W,0x8010edc0,4,0
0,W,0x8010ee00,4,0
0,W,0x8010ee40,4,0
0,W,0x8010ee80,4,0
0,W,0x8010eec0,4,0
0,W,0x8010ef00,4,0
0,W,0x8010ef40,4,0
0,W,0x8010ef80,4,0
0,W,0x8010efc0,4,0
0,W,0x8010f000,4,0
0,W,0x8010f040,4,0
0,W,0x8010f080,4,0
0,W,0x8010f0c0,4,0
0,W,0x8010f100,4,0
0,W,0x8010f140,4,0
0,W,0x8010f180,4,0
0,W,0x8010f1c0,4,0
0,W,0x8010f200,4,0
0,W,0x8010f240,4,0
0,W,0x8010f280,4,0
0,W,0x8010f2c0,4,0
0,W,0x8010f300,4,0
0,W,0x8010f340,4,0
0,W,0x8010f380,4,0
0,W,0x8010f3c0,4,0
0,W,0x8010f400,4,0
0,W,0x8010f440,4,0
0,W,0x8010f480,4,0
0,W,0x8010f4c0,4,0
0,W,0x8010f500,4,0
0,W,0x8010f540,4,0
0,W,0x8010f580,4,0
0,W,0x8010f5c0,4,0
0,W,0x8010f600,4,0
0,W,0x8010f640,4,0
0,W,0x8010f680,4,0
0,W,0x8010f6c0,4,0
0,W,0x8010f700,4,0
0,W,0x8010f740,4,0
0,W,0x8010f780,4,0
0,W,0x8010f7c0,4,0
0,W,0x8010f800,4,0
0,W,0x8010f840,4,0
0,W,0x8010f880,4,0
0,W,0x8010f8c0,4,0
0,W,0x8010f900,4,0
0,W,0x8010f940,4,0
0,W,0x8010f980,4,0
0,W,0x8010f9c0,4,0
0,W,0x8010fa00,4,0
0,W,0x8010fa40,4,0
0,W,0x8010fa80,4,0
0,W,0x8010fac0,4,0
0,W,0x8010fb00,4,0
0,W,0x8010fb40,4,0
0,W,0x8010fb80,4,0
0,W,0x8010fbc0,4,0
0,W,0x8010fc00,4,0
0,W,0x8010fc40,4,0
0,W,0x8010fc80,4,0
0,W,0x8010fcc0,4,0
0,W,0x8010fd00,4,0
0,W,0x8010fd40,4,0
0,W,0x8010fd80,4,0
0,W,0x8010fdc0,4,0
0,W,0x8010fe00,4,0
0,W,0x8010fe40,4,0
0,W,0x8010fe80,4,0
0,W,0x8010fec0,4,0
0,W,0x8010ff00,4,0
0,W,0x8010ff40,4,0
0,W,0x8010ff80,4,0
0,W,0x8010ffc0,4,0
0,W,0x80110000,4,0
0,W,0x80110040,4,0
0,W,0x80110080,4,0
0,W,0x801100c0,4,0
0,W,0x80110100,4,0
0,W,0x80110140,4,0
0,W,0x80110180,4,0
0,W,0x801101c0,4,0
0,W,0x80110200,4,0
0,W,0x80110240,4,0
0,W,0x80110280,4,0
0,W,0x801102c0,4,0
0,W,0x80110300,4,0
0,W,0x80110340,4,0
0,W,0x80110380,4,0
0,W,0x801103c0,4,0
0,W,0x80110400,4,0
0,W,0x80110440,4,0
0,W,0x80110480,4,0
0,W,0x801104c0,4,0
0,W,0x80110500,4,0
0,W,0x80110540,4,0
0,W,0x80110580,4,0
0,W,0x801105c0,4,0
0,W,0x80110600,4,0
0,W,0x80110640,4,0
0,W,0x80110680,4,0
0,W,0x801106c0,4,0
0,W,0x80110700,4,0
0,W,0x80110740,4,0
0,W,0x80110780,4,0
0,W,0x801107c0,4,0
0,W,0x80110800,4,0
0,W,0x80110840,4,0
0,W,0x80110880,4,0
0,W,0x801108c0,4,0
0,W,0x80110900,4,0
0,W,0x80110940,4,0
0,W,0x80110980,4,0
0,W,0x801109c0,4,0
0,W,0x80110a00,4,0
0,W,0x80110a40,4,0
0,W,0x80110a80,4,0
0,W,0x80110ac0,4,0
0,W,0x80110b00,4,0
0,W,0x80110b40,4,0
0,W,0x80110b80,4,0
0,W,0x80110bc0,4,0
0,W,0x80110c00,4,0
0,W,0x80110c40,4,0
0,W,0x80110c80,4,0
0,W,0x80110cc0,4,0
0,W,0x80110d00,4,0
0,W,0x80110d40,4,0
0,W,0x80110d80,4,0
0,W,0x80110dc0,4,0
0,W,0x80110e00,4,0
0,W,0x80110e40,4,0
0,W,0x80110e80,4,0
0,W,0x80110ec0,4,0
0,W,0x80110f00,4,0
0,W,0x80110f40,4,0
0,W,0x80110f80,4,0
0,W,0x80110fc0,4,0
0,W,0x80111000,4,0
0,W,0x80111040,4,0
0,W,0x80111080,4,0
0,W,0x801110c0,4,0
0,W,0x80111100,4,0
0,W,0x80111140,4,0
0,W,0x80111180,4,0
0,W,0x801111c0,4,0
0,W,0x80111200,4,0
0,W,0x80111240,4,0
0,W,0x80111280,4,0
0,W,0x801112c0,4,0
0,W,0x80111300,4,0
0,W,0x80111340,4,0
0,W,0x80111380,4,0
0,W,0x801113c0,4,0
0,W,0x80111400,4,0
0,W,0x80111440,4,0
0,W,0x80111480,4,0
0,W,0x801114c0,4,0
0,W,0x80111500,4,0
0,W,0x80111540,4,0
0,W,0x80111580,4,0
0,W,0x801115c0,4,0
0,W,0x80111600,4,0
0,W,0x80111640,4,0
0,W,0x80111680,4,0
0,W,0x801116c0,4,0
0,W,0x80111700,4,0
0,W,0x80111740,4,0
0,W,0x80111780,4,0
0,W,0x801117c0,4,0
0,W,0x80111800,4,0
0,W,0x80111840,4,0
0,W,0x80111880,4,0
0,W,0x801118c0,4,0
0,W,0x80111900,4,0
0,W,0x80111940,4,0
0,W,0x80111980,4,0
0,W,0x801119c0,4,0
0,W,0x80111a00,4,0
0,W,0x80111a40,4,0
0,W,0x80111a80,4,0
0,W,0x80111ac0,4,0
0,W,0x80111b00,4,0
0,W,0x80111b40,4,0
0,W,0x80111b80,4,0
0,W,0x80111bc0,4,0
0,W,0x80111c00,4,0
0,W,0x80111c40,4,0
0,W,0x80111c80,4,0
0,W,0x80111cc0,4,0
0,W,0x80111d00,4,0
0,W,0x80111d40,4,0
0,W,0x80111d80,4,0
0,W,0x80111dc0,4,0
0,W,0x80111e00,4,0
0,W,0x80111e40,4,0
0,W,0x80111e80,4,0
0,W,0x80111ec0,4,0
0,W,0x80111f00,4,0
0,W,0x80111f40,4,0
0,W,0x80111f80,4,0
0,W,0x80111fc0,4,0
0,W,0x80112000,4,0
0,W,0x80112040,4,0
0,W,0x80112080,4,0
0,W,0x801120c0,4,0
0,W,0x80112100,4,0
0,W,0x80112140,4,0
0,W,0x80112180,4,0
0,W,0x801121c0,4,0
0,W,0x80112200,4,0
0,W,0x80112240,4,0
0,W,0x80112280,4,0
0,W,0x801122c0,4,0
0,W,0x80112300,4,0
0,W,0x80112340,4,0
0,W,0x80112380,4,0
0,W,0x801123c0,4,0
0,W,0x80112400,4,0
0,W,0x80112440,4,0
0,W,0x80112480,4,0
0,W,0x801124c0,4,0
0,W,0x80112500,4,0
0,W,0x80112540,4,0
0,W,0x80112580,4,0
0,W,0x801125c0,4,0
0,W,0x80112600,4,0
0,W,0x80112640,4,0
0,W,0x80112680,4,0
0,W,0x801126c0,4,0
0,W,0x80112700,4,0
0,W,0x80112740,4,0
0,W,0x80112780,4,0
0,W,0x801127c0,4,0
0,W,0x80112800,4,0
0,W,0x80112840,4,0
0,W,0x80112880,4,0
0,W,0x801128c0,4,0
0,W,0x80112900,4,0
0,W,0x80112940,4,0
0,W,0x80112980,4,0
0,W,0x801129c0,4,0
0,W,0x80112a00,4,0
0,W,0x80112a40,4,0
0,W,0x80112a80,4,0
0,W,0x80112ac0,4,0
0,W,0x80112b00,4,0
0,W,0x80112b40,4,0
0,W,0x80112b80,4,0
0,W,0x80112bc0,4,0
0,W,0x80112c00,4,0
0,W,0x80112c40,4,0
0,W,0x80112c80,4,0
0,W,0x80112cc0,4,0
0,W,0x80112d00,4,0
0,W,0x80112d40,4,0
0,W,0x80112d80,4,0
0,W,0x80112dc0,4,0
0,W,0x80112e00,4,0
0,W,0x80112e40,4,0
0,W,0x80112e80,4,0
0,W,0x80112ec0,4,0
0,W,0x80112f00,4,0
0,W,0x80112f40,4,0
0,W,0x80112f80,4,0
0,W,0x80112fc0,4,0
0,W,0x80113000,4,0
0,W,0x80113040,4,0
0,W,0x80113080,4,0
0,W,0x801130c0,4,0
0,W,0x80113100,4,0
0,W,0x80113140,4,0
0,W,0x80113180,4,0
0,W,0x801131c0,4,0
0,W,0x80113200,4,0
0,W,0x80113240,4,0
0,W,0x80113280,4,0
0,W,0x801132c0,4,0
0,W,0x80113300,4,0
0,W,0x80113340,4,0
0,W,0x80113380,4,0
0,W,0x801133c0,4,0
0,W,0x80113400,4,0
0,W,0x80113440,4,0
0,W,0x80113480,4,0
0,W,0x801134c0,4,0
0,W,0x80113500,4,0
0,W,0x80113540,4,0
0,W,0x80113580,4,0
0,W,0x801135c0,4,0
0,W,0x80113600,4,0
0,W,0x80113640,4,0
0,W,0x80113680,4,0
0,W,0x801136c0,4,0
0,W,0x80113700,4,0
0,W,0x80113740,4,0
0,W,0x80113780,4,0
0,W,0x801137c0,4,0
0,W,0x80113800,4,0
0,W,0x80113840,4,0
0,W,0x80113880,4,0
0,W,0x801138c0,4,0
0,W,0x80113900,4,0
0,W,0x80113940,4,0
0,W,0x80113980,4,0
0,W,0x801139c0,4,0
0,W,0x80113a00,4,0
0,W,0x80113a40,4,0
0,W,0x80113a80,4,0
0,W,0x80113ac0,4,0
0,W,0x80113b00,4,0
0,W,0x80113b40,4,0
0,W,0x80113b80,4,0
0,W,0x80113bc0,4,0
0,W,0x80113c00,4,0
0,W,0x80113c40,4,0
0,W,0x80113c80,4,0
0,W,0x80113cc0,4,0
0,W,0x80113d00,4,0
0,W,0x80113d40,4,0
0,W,0x80113d80,4,0
0,W,0x80113dc0,4,0
0,W,0x80113e00,4,0
0,W,0x80113e40,4,0
0,W,0x80113e80,4,0
0,W,0x80113ec0,4,0
0,W,0x80113f00,4,0
0,W,0x80113f40,4,0
0,W,0x80113f80,4,0
0,W,0x80113fc0,4,0
0,W,0x80114000,4,0
0,W,0x80114040,4,0
0,W,0x80114080,4,0
0,W,0x801140c0,4,0
0,W,0x80114100,4,0
0,W,0x80114140,4,0
0,W,0x80114180,4,0
0,W,0x801141c0,4,0
0,W,0x80114200,4,0
0,W,0x80114240,4,0
0,W,0x80114280,4,0
0,W,0x801142c0,4,0
0,W,0x80114300,4,0
0,W,0x80114340,4,0
0,W,0x80114380,4,0
0,W,0x801143c0,4,0
0,W,0x80114400,4,0
0,W,0x80114440,4,0
0,W,0x80114480,4,0
0,W,0x801144c0,4,0
0,W,0x80114500,4,0
0,W,0x80114540,4,0
0,W,0x80114580,4,0
0,W,0x801145c0,4,0
0,W,0x80114600,4,0
0,W,0x80114640,4,0
0,W,0x80114680,4,0
0,W,0x801146c0,4,0
0,W,0x80114700,4,0
0,W,0x80114740,4,0
0,W,0x80114780,4,0
0,W,0x801147c0,4,0
0,W,0x80114800,4,0
0,W,0x80114840,4,0
0,W,0x80114880,4,0
0,W,0x801148c0,4,0
0,W,0x80114900,4,0
0,W,0x80114940,4,0
0,W,0x80114980,4,0
0,W,0x801149c0,4,0
0,W,0x80114a00,4,0
0,W,0x80114a40,4,0
0,W,0x80114a80,4,0
0,W,0x80114ac0,4,0
0,W,0x80114b00,4,0
0,W,0x80114b40,4,0
0,W,0x80114b80,4,0
0,W,0x80114bc0,4,0
0,W,0x80114c00,4,0
0,W,0x80114c40,4,0
0,W,0x80114c80,4,0
0,W,0x80114cc0,4,0
0,W,0x80114d00,4,0
0,W,0x80114d40,4,0
0,W,0x80114d80,4,0
0,W,0x80114dc0,4,0
0,W,0x80114e00,4,0
0,W,0x80114e40,4,0
0,W,0x80114e80,4,0
0,W,0x80114ec0,4,0
0,W,0x80114f00,4,0
0,W,0x80114f40,4,0
0,W,0x80114f80,4,0
0,W,0x80114fc0,4,0
0,W,0x80115000,4,0
0,W,0x80115040,4,0
0,W,0x80115080,4,0
0,W,0x801150c0,4,0
0,W,0x80115100,4,0
0,W,0x80115140,4,0
0,W,0x80115180,4,0
0,W,0x801151c0,4,0
0,W,0x80115200,4,0
0,W,0x80115240,4,0
0,W,0x80115280,4,0
0,W,0x801152c0,4,0
0,W,0x80115300,4,0
0,W,0x80115340,4,0
0,W,0x80115380,4,0
0,W,0x801153c0,4,0
0,W,0x80115400,4,0
0,W,0x80115440,4,0
0,W,0x80115480,4,0
0,W,0x801154c0,4,0
0,W,0x80115500,4,0
0,W,0x80115540,4,0
0,W,0x80115580,4,0
0,W,0x801155c0,4,0
0,W,0x80115600,4,0
0,W,0x80115640,4,0
0,W,0x80115680,4,0
0,W,0x801156c0,4,0
0,W,0x80115700,4,0
0,W,0x80115740,4,0
0,W,0x80115780,4,0
0,W,0x801157c0,4,0
0,W,0x80115800,4,0
0,W,0x80115840,4,0
0,W,0x80115880,4,0
0,W,0x801158c0,4,0
0,W,0x80115900,4,0
0,W,0x80115940,4,0
0,W,0x80115980,4,0
0,W,0x801159c0,4,0
0,W,0x80115a00,4,0
0,W,0x80115a40,4,0
0,W,0x80115a80,4,0
0,W,0x80115ac0,4,0
0,W,0x80115b00,4,0
0,W,0x80115b40,4,0
0,W,0x80115b80,4,0
0,W,0x80115bc0,4,0
0,W,0x80115c00,4,0
0,W,0x80115c40,4,0
0,W,0x80115c80,4,0
0,W,0x80115cc0,4,0
0,W,0x80115d00,4,0
0,W,0x80115d40,4,0
0,W,0x80115d80,4,0
0,W,0x80115dc0,4,0
0,W,0x80115e00,4,0
0,W,0x80115e40,4,0
0,W,0x80115e80,4,0
0,W,0x80115ec0,4,0
0,W,0x80115f00,4,0
0,W,0x80115f40,4,0
0,W,0x80115f80,4,0
0,W,0x80115fc0,4,0
0,W,0x80116000,4,0
0,W,0x80116040,4,0
0,W,0x80116080,4,0
0,W,0x801160c0,4,0
0,W,0x80116100,4,0
0,W,0x80116140,4,0
0,W,0x80116180,4,0
0,W,0x801161c0,4,0
0,W,0x80116200,4,0
0,W,0x80116240,4,0
0,W,0x80116280,4,0
0,W,0x801162c0,4,0
0,W,0x80116300,4,0
0,W,0x80116340,4,0
0,W,0x80116380,4,0
0,W,0x801163c0,4,0
0,W,0x80116400,4,0
0,W,0x80116440,4,0
0,W,0x80116480,4,0
0,W,0x801164c0,4,0
0,W,0x80116500,4,0
0,W,0x80116540,4,0
0,W,0x80116580,4,0
0,W,0x801165c0,4,0
0,W,0x80116600,4,0
0,W,0x80116640,4,0
0,W,0x80116680,4,0
0,W,0x801166c0,4,0
0,W,0x80116700,4,0
0,W,0x80116740,4,0
0,W,0x80116780,4,0
0,W,0x801167c0,4,0
0,W,0x80116800,4,0
0,W,0x80116840,4,0
0,W,0x80116880,4,0
0,W,0x801168c0,4,0
0,W,0x80116900,4,0
0,W,0x80116940,4,0
0,W,0x80116980,4,0
0,W,0x801169c0,4,0
0,W,0x80116a00,4,0
0,W,0x80116a40,4,0
0,W,0x80116a80,4,0
0,W,0x80116ac0,4,0
0,W,0x80116b00,4,0
0,W,0x80116b40,4,0
0,W,0x80116b80,4,0
0,W,0x80116bc0,4,0
0,W,0x80116c00,4,0
0,W,0x80116c40,4,0
0,W,0x80116c80,4,0
0,W,0x80116cc0,4,0
0,W,0x80116d00,4,0
0,W,0x80116d40,4,0
0,W,0x80116d80,4,0
0,W,0x80116dc0,4,0
0,W,0x80116e00,4,0
0,W,0x80116e40,4,0
0,W,0x80116e80,4,0
0,W,0x80116ec0,4,0
0,W,0x80116f00,4,0
0,W,0x80116f40,4,0
0,W,0x80116f80,4,0
0,W,0x80116fc0,4,0
0,W,0x80117000,4,0
0,W,0x80117040,4,0
0,W,0x80117080,4,0
0,W,0x801170c0,4,0
0,W,0x80117100,4,0
0,W,0x80117140,4,0
0,W,0x80117180,4,0
0,W,0x801171c0,4,0
0,W,0x80117200,4,0
0,W,0x80117240,4,0
0,W,0x80117280,4,0
0,W,0x801172c0,4,0
0,W,0x80117300,4,0
0,W,0x80117340,4,0
0,W,0x80117380,4,0
0,W,0x801173c0,4,0
0,W,0x80117400,4,0
0,W,0x80117440,4,0
0,W,0x80117480,4,0
0,W,0x801174c0,4,0
0,W,0x80117500,4,0
0,W,0x80117540,4,0
0,W,0x80117580,4,0
0,W,0x801175c0,4,0
0,W,0x80117600,4,0
0,W,0x80117640,4,0
0,W,0x80117680,4,0
0,W,0x801176c0,4,0
0,W,0x80117700,4,0
0,W,0x80117740,4,0
0,W,0x80117780,4,0
0,W,0x801177c0,4,0
0,W,0x80117800,4,0
0,W,0x80117840,4,0
0,W,0x80117880,4,0
0,W,0x801178c0,4,0
0,W,0x80117900,4,0
0,W,0x80117940,4,0
0,W,0x80117980,4,0
0,W,0x801179c0,4,0
0,W,0x80117a00,4,0
0,W,0x80117a40,4,0
0,W,0x80117a80,4,0
0,W,0x80117ac0,4,0
0,W,0x80117b00,4,0
0,W,0x80117b40,4,0
0,W,0x80117b80,4,0
0,W,0x80117bc0,4,0
0,W,0x80117c00,4,0
0,W,0x80117c40,4,0
0,W,0x80117c80,4,0
0,W,0x80117cc0,4,0
0,W,0x80117d00,4,0
0,W,0x80117d40,4,0
0,W,0x80117d80,4,0
0,W,0x80117dc0,4,0
0,W,0x80117e00,4,0
0,W,0x80117e40,4,0
0,W,0x80117e80,4,0
0,W,0x80117ec0,4,0
0,W,0x80117f00,4,0
0,W,0x80117f40,4,0
0,W,0x80117f80,4,0
0,W,0x80117fc0,4,0
0,W,0x80118000,4,0
0,W,0x80118040,4,0
0,W,0x80118080,4,0
0,W,0x801180c0,4,0
0,W,0x80118100,4,0
0,W,0x80118140,4,0
0,W,0x80118180,4,0
0,W,0x801181c0,4,0
0,W,0x80118200,4,0
0,W,0x80118240,4,0
0,W,0x80118280,4,0
0,W,0x801182c0,4,0
0,W,0x80118300,4,0
0,W,0x80118340,4,0
0,W,0x80118380,4,0
0,W,0x801183c0,4,0
0,W,0x80118400,4,0
0,W,0x80118440,4,0
0,W,0x80118480,4,0
0,W,0x801184c0,4,0
0,W,0x80118500,4,0
0,W,0x80118540,4,0
0,W,0x80118580,4,0
0,W,0x801185c0,4,0
0,W,0x80118600,4,0
0,W,0x80118640,4,0
0,W,0x80118680,4,0
0,W,0x801186c0,4,0
0,W,0x80118700,4,0
0,W,0x80118740,4,0
0,W,0x80118780,4,0
0,W,0x801187c0,4,0
0,W,0x80118800,4,0
0,W,0x80118840,4,0
0,W,0x80118880,4,0
0,W,0x801188c0,4,0
0,W,0x80118900,4,0
0,W,0x80118940,4,0
0,W,0x80118980,4,0
0,W,0x801189c0,4,0
0,W,0x80118a00,4,0
0,W,0x80118a40,4,0
0,W,0x80118a80,4,0
0,W,0x80118ac0,4,0
0,W,0x80118b00,4,0
0,W,0x80118b40,4,0
0,W,0x80118b80,4,0
0,W,0x80118bc0,4,0
0,W,0x80118c00,4,0
0,W,0x80118c40,4,0
0,W,0x80118c80,4,0
0,W,0x80118cc0,4,0
0,W,0x80118d00,4,0
0,W,0x80118d40,4,0
0,W,0x80118d80,4,0
0,W,0x80118dc0,4,0
0,W,0x80118e00,4,0
0,W,0x80118e40,4,0
0,W,0x80118e80,4,0
0,W,0x80118ec0,4,0
0,W,0x80118f00,4,0
0,W,0x80118f40,4,0
0,W,0x80118f80,4,0
0,W,0x80118fc0,4,0
0,W,0x80119000,4,0
0,W,0x80119040,4,0
0,W,0x80119080,4,0
0,W,0x801190c0,4,0
0,W,0x80119100,4,0
0,W,0x80119140,4,0
0,W,0x80119180,4,0
0,W,0x801191c0,4,0
0,W,0x80119200,4,0
0,W,0x80119240,4,0
0,W,0x80119280,4,0
0,W,0x801192c0,4,0
0,W,0x80119300,4,0
0,W,0x80119340,4,0
0,W,0x80119380,4,0
0,W,0x801193c0,4,0
0,W,0x80119400,4,0
0,W,0x80119440,4,0
0,W,0x80119480,4,0
0,W,0x801194c0,4,0
0,W,0x80119500,4,0
0,W,0x80119540,4,0
0,W,0x80119580,4,0
0,W,0x801195c0,4,0
0,W,0x80119600,4,0
0,W,0x80119640,4,0
0,W,0x80119680,4,0
0,W,0x801196c0,4,0
0,W,0x80119700,4,0
0,W,0x80119740,4,0
0,W,0x80119780,4,0
0,W,0x801197c0,4,0
0,W,0x80119800,4,0
0,W,0x80119840,4,0
0,W,0x80119880,4,0
0,W,0x801198c0,4,0
0,W,0x80119900,4,0
0,W,0x80119940,4,0
0,W,0x80119980,4,0
0,W,0x801199c0,4,0
0,W,0x80119a00,4,0
0,W,0x80119a40,4,0
0,W,0x80119a80,4,0
0,W,0x80119ac0,4,0
0,W,0x80119b00,4,0
0,W,0x80119b40,4,0
0,W,0x80119b80,4,0
0,W,0x80119bc0,4,0
0,W,0x80119c00,4,0
0,W,0x80119c40,4,0
0,W,0x80119c80,4,0
0,W,0x80119cc0,4,0
0,W,0x80119d00,4,0
0,W,0x80119d40,4,0
0,W,0x80119d80,4,0
0,W,0x80119dc0,4,0
0,W,0x80119e00,4,0
0,W,0x80119e40,4,0
0,W,0x80119e80,4,0
0,W,0x80119ec0,4,0
0,W,0x80119f00,4,0
0,W,0x80119f40,4,0
0,W,0x80119f80,4,0
0,W,0x80119fc0,4,0
0,W,0x8011a000,4,0
0,W,0x8011a040,4,0
0,W,0x8011a080,4,0
0,W,0x8011a0c0,4,0
0,W,0x8011a100,4,0
0,W,0x8011a140,4,0
0,W,0x8011a180,4,0
0,W,0x8011a1c0,4,0
0,W,0x8011a200,4,0
0,W,0x8011a240,4,0
0,W,0x8011a280,4,0
0,W,0x8011a2c0,4,0
0,W,0x8011a300,4,0
0,W,0x8011a340,4,0
0,W,0x8011a380,4,0
0,W,0x8011a3c0,4,0
0,W,0x8011a400,4,0
0,W,0x8011a440,4,0
0,W,0x8011a480,4,0
0,W,0x8011a4c0,4,0
0,W,0x8011a500,4,0
0,W,0x8011a540,4,0
0,W,0x8011a580,4,0
0,W,0x8011a5c0,4,0
0,W,0x8011a600,4,0
0,W,0x8011a640,4,0
0,W,0x8011a680,4,0
0,W,0x8011a6c0,4,0
0,W,0x8011a700,4,0
0,W,0x8011a740,4,0
0,W,0x8011a780,4,0
0,W,0x8011a7c0,4,0
0,W,0x8011a800,4,0
0,W,0x8011a840,4,0
0,W,0x8011a880,4,0
0,W,0x8011a8c0,4,0
0,W,0x8011a900,4,0
0,W,0x8011a940,4,0
0,W,0x8011a980,4,0
0,W,0x8011a9c0,4,0
0,W,0x8011aa00,4,0
0,W,0x8011aa40,4,0
0,W,0x8011aa80,4,0
0,W,0x8011aac0,4,0
0,W,0x8011ab00,4,0
0,W,0x8011ab40,4,0
0,W,0x8011ab80,4,0
0,W,0x8011abc0,4,0
0,W,0x8011ac00,4,0
0,W,0x8011ac40,4,0
0,W,0x8011ac80,4,0
0,W,0x8011acc0,4,0
0,W,0x8011ad00,4,0
0,W,0x8011ad40,4,0
0,W,0x8011ad80,4,0
0,W,0x8011adc0,4,0
0,W,0x8011ae00,4,0
0,W,0x8011ae40,4,0
0,W,0x8011ae80,4,0
0,W,0x8011aec0,4,0
0,W,0x8011af00,4,0
0,W,0x8011af40,4,0
0,W,0x8011af80,4,0
0,W,0x8011afc0,4,0
0,W,0x8011b000,4,0
0,W,0x8011b040,4,0
0,W,0x8011b080,4,0
0,W,0x8011b0c0,4,0
0,W,0x8011b100,4,0
0,W,0x8011b140,4,0
0,W,0x8011b180,4,0
0,W,0x8011b1c0,4,0
0,W,0x8011b200,4,0
0,W,0x8011b240,4,0
0,W,0x8011b280,4,0
0,W,0x8011b2c0,4,0
0,W,0x8011b300,4,0
0,W,0x8011b340,4,0
0,W,0x8011b380,4,0
0,W,0x8011b3c0,4,0
0,W,0x8011b400,4,0
0,W,0x8011b440,4,0
0,W,0x8011b480,4,0
0,W,0x8011b4c0,4,0
0,W,0x8011b500,4,0
0,W,0x8011b540,4,0
0,W,0x8011b580,4,0
0,W,0x8011b5c0,4,0
0,W,0x8011b600,4,0
0,W,0x8011b640,4,0
0,W,0x8011b680,4,0
0,W,0x8011b6c0,4,0
0,W,0x8011b700,4,0
0,W,0x8011b740,4,0
0,W,0x8011b780,4,0
0,W,0x8011b7c0,4,0
0,W,0x8011b800,4,0
0,W,0x8011b840,4,0
0,W,0x8011b880,4,0
0,W,0x8011b8c0,4,0
0,W,0x8011b900,4,0
0,W,0x8011b940,4,0
0,W,0x8011b980,4,0
0,W,0x8011b9c0,4,0
0,W,0x8011ba00,4,0
0,W,0x8011ba40,4,0
0,W,0x8011ba80,4,0
0,W,0x8011bac0,4,0
0,W,0x8011bb00,4,0
0,W,0x8011bb40,4,0
0,W,0x8011bb80,4,0
0,W,0x8011bbc0,4,0
0,W,0x8011bc00,4,0
0,W,0x8011bc40,4,0
0,W,0x8011bc80,4,0
0,W,0x8011bcc0,4,0
0,W,0x8011bd00,4,0
0,W,0x8011bd40,4,0
0,W,0x8011bd80,4,0
0,W,0x8011bdc0,4,0
0,W,0x8011be00,4,0
0,W,0x8011be40,4,0
0,W,0x8011be80,4,0
0,W,0x8011bec0,4,0
0,W,0x8011bf00,4,0
0,W,0x8011bf40,4,0
0,W,0x8011bf80,4,0
0,W,0x8011bfc0,4,0
0,W,0x8011c000,4,0
0,W,0x8011c040,4,0
0,W,0x8011c080,4,0
0,W,0x8011c0c0,4,0
0,W,0x8011c100,4,0
0,W,0x8011c140,4,0
0,W,0x8011c180,4,0
0,W,0x8011c1c0,4,0
0,W,0x8011c200,4,0
0,W,0x8011c240,4,0
0,W,0x8011c280,4,0
0,W,0x8011c2c0,4,0
0,W,0x8011c300,4,0
0,W,0x8011c340,4,0
0,W,0x8011c380,4,0
0,W,0x8011c3c0,4,0
0,W,0x8011c400,4,0
0,W,0x8011c440,4,0
0,W,0x8011c480,4,0
0,W,0x8011c4c0,4,0
0,W,0x8011c500,4,0
0,W,0x8011c540,4,0
0,W,0x8011c580,4,0
0,W,0x8011c5c0,4,0
0,W,0x8011c600,4,0
0,W,0x8011c640,4,0
0,W,0x8011c680,4,0
0,W,0x8011c6c0,4,0
0,W,0x8011c700,4,0
0,W,0x8011c740,4,0
0,W,0x8011c780,4,0
0,W,0x8011c7c0,4,0
0,W,0x8011c800,4,0
0,W,0x8011c840,4,0
0,W,0x8011c880,4,0
0,W,0x8011c8c0,4,0
0,W,0x8011c900,4,0
0,W,0x8011c940,4,0
0,W,0x8011c980,4,0
0,W,0x8011c9c0,4,0
0,W,0x8011ca00,4,0
0,W,0x8011ca40,4,0
0,W,0x8011ca80,4,0
0,W,0x8011cac0,4,0
0,W,0x8011cb00,4,0
0,W,0x8011cb40,4,0
0,W,0x8011cb80,4,0
0,W,0x8011cbc0,4,0
0,W,0x8011cc00,4,0
0,W,0x8011cc40,4,0
0,W,0x8011cc80,4,0
0,W,0x8011ccc0,4,0
0,W,0x8011cd00,4,0
0,W,0x8011cd40,4,0
0,W,0x8011cd80,4,0
0,W,0x8011cdc0,4,0
0,W,0x8011ce00,4,0
0,W,0x8011ce40,4,0
0,W,0x8011ce80,4,0
0,W,0x8011cec0,4,0
0,W,0x8011cf00,4,0
0,W,0x8011cf40,4,0
0,W,0x8011cf80,4,0
0,W,0x8011cfc0,4,0
0,W,0x8011d000,4,0
0,W,0x8011d040,4,0
0,W,0x8011d080,4,0
0,W,0x8011d0c0,4,0
0,W,0x8011d100,4,0
0,W,0x8011d140,4,0
0,W,0x8011d180,4,0
0,W,0x8011d1c0,4,0
0,W,0x8011d200,4,0
0,W,0x8011d240,4,0
0,W,0x8011d280,4,0
0,W,0x8011d2c0,4,0
0,W,0x8011d300,4,0
0,W,0x8011d340,4,0
0,W,0x8011d380,4,0
0,W,0x8011d3c0,4,0
0,W,0x8011d400,4,0
0,W,0x8011d440,4,0
0,W,0x8011d480,4,0
0,W,0x8011d4c0,4,0
0,W,0x8011d500,4,0
0,W,0x8011d540,4,0
0,W,0x8011d580,4,0
0,W,0x8011d5c0,4,0
0,W,0x8011d600,4,0
0,W,0x8011d640,4,0
0,W,0x8011d680,4,0
0,W,0x8011d6c0,4,0
0,W,0x8011d700,4,0
0,W,0x8011d740,4,0
0,W,0x8011d780,4,0
0,W,0x8011d7c0,4,0
0,W,0x8011d800,4,0
0,W,0x8011d840,4,0
0,W,0x8011d880,4,0
0,W,0x8011d8c0,4,0
0,W,0x8011d900,4,0
0,W,0x8011d940,4,0
0,W,0x8011d980,4,0
0,W,0x8011d9c0,4,0
0,W,0x8011da00,4,0
0,W,0x8011da40,4,0
0,W,0x8011da80,4,0
0,W,0x8011dac0,4,0
0,W,0x8011db00,4,0
0,W,0x8011db40,4,0
0,W,0x8011db80,4,0
0,W,0x8011dbc0,4,0
0,W,0x8011dc00,4,0
0,W,0x8011dc40,4,0
0,W,0x8011dc80,4,0
0,W,0x8011dcc0,4,0
0,W,0x8011dd00,4,0
0,W,0x8011dd40,4,0
0,W,0x8011dd80,4,0
0,W,0x8011ddc0,4,0
0,W,0x8011de00,4,0
0,W,0x8011de40,4,0
0,W,0x8011de80,4,0
0,W,0x8011dec0,4,0
0,W,0x8011df00,4,0
0,W,0x8011df40,4,0
0,W,0x8011df80,4,0
0,W,0x8011dfc0,4,0
0,W,0x8011e000,4,0
0,W,0x8011e040,4,0
0,W,0x8011e080,4,0
0,W,0x8011e0c0,4,0
0,W,0x8011e100,4,0
0,W,0x8011e140,4,0
0,W,0x8011e180,4,0
0,W,0x8011e1c0,4,0
0,W,0x8011e200,4,0
0,W,0x8011e240,4,0
0,W,0x8011e280,4,0
0,W,0x8011e2c0,4,0
0,W,0x8011e300,4,0
0,W,0x8011e340,4,0
0,W,0x8011e380,4,0
0,W,0x8011e3c0,4,0
0,W,0x8011e400,4,0
0,W,0x8011e440,4,0
0,W,0x8011e480,4,0
0,W,0x8011e4c0,4,0
0,W,0x8011e500,4,0
0,W,0x8011e540,4,0
0,W,0x8011e580,4,0
0,W,0x8011e5c0,4,0
0,W,0x8011e600,4,0
0,W,0x8011e640,4,0
0,W,0x8011e680,4,0
0,W,0x8011e6c0,4,0
0,W,0x8011e700,4,0
0,W,0x8011e740,4,0
0,W,0x8011e780,4,0
0,W,0x8011e7c0,4,0
0,W,0x8011e800,4,0
0,W,0x8011e840,4,0
0,W,0x8011e880,4,0
0,W,0x8011e8c0,4,0
0,W,0x8011e900,4,0
0,W,0x8011e940,4,0
0,W,0x8011e980,4,0
0,W,0x8011e9c0,4,0
0,W,0x8011ea00,4,0
0,W,0x8011ea40,4,0
0,W,0x8011ea80,4,0
0,W,0x8011eac0,4,0
0,W,0x8011eb00,4,0
0,W,0x8011eb40,4,0
0,W,0x8011eb80,4,0
0,W,0x8011ebc0,4,0
0,W,0x8011ec00,4,0
0,W,0x8011ec40,4,0
0,W,0x8011ec80,4,0
0,W,0x8011ecc0,4,0
0,W,0x8011ed00,4,0
0,W,0x8011ed40,4,0
0,W,0x8011ed80,4,0
0,W,0x8011edc0,4,0
0,W,0x8011ee00,4,0
0,W,0x8011ee40,4,0
0,W,0x8011ee80,4,0
0,W,0x8011eec0,4,0
0,W,0x8011ef00,4,0
0,W,0x8011ef40,4,0
0,W,0x8011ef80,4,0
0,W,0x8011efc0,4,0
0,W,0x8011f000,4,0
0,W,0x8011f040,4,0
0,W,0x8011f080,4,0
0,W,0x8011f0c0,4,0
0,W,0x8011f100,4,0
0,W,0x8011f140,4,0
0,W,0x8011f180,4,0
0,W,0x8011f1c0,4,0
0,W,0x8011f200,4,0
0,W,0x8011f240,4,0
0,W,0x8011f280,4,0
0,W,0x8011f2c0,4,0
0,W,0x8011f300,4,0
0,W,0x8011f340,4,0
0,W,0x8011f380,4,0
0,W,0x8011f3c0,4,0
0,W,0x8011f400,4,0
0,W,0x8011f440,4,0
0,W,0x8011f480,4,0
0,W,0x8011f4c0,4,0
0,W,0x8011f500,4,0
0,W,0x8011f540,4,0
0,W,0x8011f580,4,0
0,W,0x8011f5c0,4,0
0,W,0x8011f600,4,0
0,W,0x8011f640,4,0
0,W,0x8011f680,4,0
0,W,0x8011f6c0,4,0
0,W,0x8011f700,4,0
0,W,0x8011f740,4,0
0,W,0x8011f780,4,0
0,W,0x8011f7c0,4,0
0,W,0x8011f800,4,0
0,W,0x8011f840,4,0
0,W,0x8011f880,4,0
0,W,0x8011f8c0,4,0
0,W,0x8011f900,4,0
0,W,0x8011f940,4,0
0,W,0x8011f980,4,0
0,W,0x8011f9c0,4,0
0,W,0x8011fa00,4,0
0,W,0x8011fa40,4,0
0,W,0x8011fa80,4,0
0,W,0x8011fac0,4,0
0,W,0x8011fb00,4,0
0,W,0x8011fb40,4,0
0,W,0x8011fb80,4,0
0,W,0x8011fbc0,4,0
0,W,0x8011fc00,4,0
0,W,0x8011fc40,4,0
0,W,0x8011fc80,4,0
0,W,0x8011fcc0,4,0
0,W,0x8011fd00,4,0
0,W,0x8011fd40,4,0
0,W,0x8011fd80,4,0
0,W,0x8011fdc0,4,0
0,W,0x8011fe00,4,0
0,W,0x8011fe40,4,0
0,W,0x8011fe80,4,0
0,W,0x8011fec0,4,0
0,W,0x8011ff00,4,0
0,W,0x8011ff40,4,0
0,W,0x8011ff80,4,0
0,W,0x8011ffc0,4,0
