# warm_write_stream_1p — generated by gen_traces.py
# port,rw,addr,size,delay
0,R,0x80000000,4,0
0,R,0x80000040,4,0
0,R,0x80000080,4,0
0,R,0x800000c0,4,0
0,R,0x80000100,4,0
0,R,0x80000140,4,0
0,R,0x80000180,4,0
0,R,0x800001c0,4,0
0,R,0x80000200,4,0
0,R,0x80000240,4,0
0,R,0x80000280,4,0
0,R,0x800002c0,4,0
0,R,0x80000300,4,0
0,R,0x80000340,4,0
0,R,0x80000380,4,0
0,R,0x800003c0,4,0
0,R,0x80000000,4,1500
0,W,0x80000000,4,0
0,W,0x80000040,4,0
0,W,0x80000080,4,0
0,W,0x800000c0,4,0
0,W,0x80000100,4,0
0,W,0x80000140,4,0
0,W,0x80000180,4,0
0,W,0x800001c0,4,0
0,W,0x80000200,4,0
0,W,0x80000240,4,0
0,W,0x80000280,4,0
0,W,0x800002c0,4,0
0,W,0x80000300,4,0
0,W,0x80000340,4,0
0,W,0x80000380,4,0
0,W,0x800003c0,4,0
0,W,0x80000000,4,0
0,W,0x80000040,4,0
0,W,0x80000080,4,0
0,W,0x800000c0,4,0
0,W,0x80000100,4,0
0,W,0x80000140,4,0
0,W,0x80000180,4,0
0,W,0x800001c0,4,0
0,W,0x80000200,4,0
0,W,0x80000240,4,0
0,W,0x80000280,4,0
0,W,0x800002c0,4,0
0,W,0x80000300,4,0
0,W,0x80000340,4,0
0,W,0x80000380,4,0
0,W,0x800003c0,4,0
0,W,0x80000000,4,0
0,W,0x80000040,4,0
0,W,0x80000080,4,0
0,W,0x800000c0,4,0
0,W,0x80000100,4,0
0,W,0x80000140,4,0
0,W,0x80000180,4,0
0,W,0x800001c0,4,0
0,W,0x80000200,4,0
0,W,0x80000240,4,0
0,W,0x80000280,4,0
0,W,0x800002c0,4,0
0,W,0x80000300,4,0
0,W,0x80000340,4,0
0,W,0x80000380,4,0
0,W,0x800003c0,4,0
0,W,0x80000000,4,0
0,W,0x80000040,4,0
0,W,0x80000080,4,0
0,W,0x800000c0,4,0
0,W,0x80000100,4,0
0,W,0x80000140,4,0
0,W,0x80000180,4,0
0,W,0x800001c0,4,0
0,W,0x80000200,4,0
0,W,0x80000240,4,0
0,W,0x80000280,4,0
0,W,0x800002c0,4,0
0,W,0x80000300,4,0
0,W,0x80000340,4,0
0,W,0x80000380,4,0
0,W,0x800003c0,4,0
