# warm_stream_4p — generated by gen_traces.py
# port,rw,addr,size,delay
0,R,0x80000000,4,0
0,R,0x80000040,4,0
0,R,0x80000080,4,0
0,R,0x800000c0,4,0
0,R,0x80000100,4,0
0,R,0x80000140,4,0
0,R,0x80000180,4,0
0,R,0x800001c0,4,0
0,R,0x80000200,4,0
0,R,0x80000240,4,0
0,R,0x80000280,4,0
0,R,0x800002c0,4,0
0,R,0x80000300,4,0
0,R,0x80000340,4,0
0,R,0x80000380,4,0
0,R,0x800003c0,4,0
0,R,0x80000000,4,4000
0,R,0x80000000,4,0
0,R,0x80000040,4,0
0,R,0x80000080,4,0
0,R,0x800000c0,4,0
0,R,0x80000100,4,0
0,R,0x80000140,4,0
0,R,0x80000180,4,0
0,R,0x800001c0,4,0
0,R,0x80000200,4,0
0,R,0x80000240,4,0
0,R,0x80000280,4,0
0,R,0x800002c0,4,0
0,R,0x80000300,4,0
0,R,0x80000340,4,0
0,R,0x80000380,4,0
0,R,0x800003c0,4,0
0,R,0x80000000,4,0
0,R,0x80000040,4,0
0,R,0x80000080,4,0
0,R,0x800000c0,4,0
0,R,0x80000100,4,0
0,R,0x80000140,4,0
0,R,0x80000180,4,0
0,R,0x800001c0,4,0
0,R,0x80000200,4,0
0,R,0x80000240,4,0
0,R,0x80000280,4,0
0,R,0x800002c0,4,0
0,R,0x80000300,4,0
0,R,0x80000340,4,0
0,R,0x80000380,4,0
0,R,0x800003c0,4,0
0,R,0x80000000,4,0
0,R,0x80000040,4,0
0,R,0x80000080,4,0
0,R,0x800000c0,4,0
0,R,0x80000100,4,0
0,R,0x80000140,4,0
0,R,0x80000180,4,0
0,R,0x800001c0,4,0
0,R,0x80000200,4,0
0,R,0x80000240,4,0
0,R,0x80000280,4,0
0,R,0x800002c0,4,0
0,R,0x80000300,4,0
0,R,0x80000340,4,0
0,R,0x80000380,4,0
0,R,0x800003c0,4,0
0,R,0x80000000,4,0
0,R,0x80000040,4,0
0,R,0x80000080,4,0
0,R,0x800000c0,4,0
0,R,0x80000100,4,0
0,R,0x80000140,4,0
0,R,0x80000180,4,0
0,R,0x800001c0,4,0
0,R,0x80000200,4,0
0,R,0x80000240,4,0
0,R,0x80000280,4,0
0,R,0x800002c0,4,0
0,R,0x80000300,4,0
0,R,0x80000340,4,0
0,R,0x80000380,4,0
0,R,0x800003c0,4,0
1,R,0x80010000,4,0
1,R,0x80010040,4,0
1,R,0x80010080,4,0
1,R,0x800100c0,4,0
1,R,0x80010100,4,0
1,R,0x80010140,4,0
1,R,0x80010180,4,0
1,R,0x800101c0,4,0
1,R,0x80010200,4,0
1,R,0x80010240,4,0
1,R,0x80010280,4,0
1,R,0x800102c0,4,0
1,R,0x80010300,4,0
1,R,0x80010340,4,0
1,R,0x80010380,4,0
1,R,0x800103c0,4,0
1,R,0x80010000,4,4000
1,R,0x80010000,4,0
1,R,0x80010040,4,0
1,R,0x80010080,4,0
1,R,0x800100c0,4,0
1,R,0x80010100,4,0
1,R,0x80010140,4,0
1,R,0x80010180,4,0
1,R,0x800101c0,4,0
1,R,0x80010200,4,0
1,R,0x80010240,4,0
1,R,0x80010280,4,0
1,R,0x800102c0,4,0
1,R,0x80010300,4,0
1,R,0x80010340,4,0
1,R,0x80010380,4,0
1,R,0x800103c0,4,0
1,R,0x80010000,4,0
1,R,0x80010040,4,0
1,R,0x80010080,4,0
1,R,0x800100c0,4,0
1,R,0x80010100,4,0
1,R,0x80010140,4,0
1,R,0x80010180,4,0
1,R,0x800101c0,4,0
1,R,0x80010200,4,0
1,R,0x80010240,4,0
1,R,0x80010280,4,0
1,R,0x800102c0,4,0
1,R,0x80010300,4,0
1,R,0x80010340,4,0
1,R,0x80010380,4,0
1,R,0x800103c0,4,0
1,R,0x80010000,4,0
1,R,0x80010040,4,0
1,R,0x80010080,4,0
1,R,0x800100c0,4,0
1,R,0x80010100,4,0
1,R,0x80010140,4,0
1,R,0x80010180,4,0
1,R,0x800101c0,4,0
1,R,0x80010200,4,0
1,R,0x80010240,4,0
1,R,0x80010280,4,0
1,R,0x800102c0,4,0
1,R,0x80010300,4,0
1,R,0x80010340,4,0
1,R,0x80010380,4,0
1,R,0x800103c0,4,0
1,R,0x80010000,4,0
1,R,0x80010040,4,0
1,R,0x80010080,4,0
1,R,0x800100c0,4,0
1,R,0x80010100,4,0
1,R,0x80010140,4,0
1,R,0x80010180,4,0
1,R,0x800101c0,4,0
1,R,0x80010200,4,0
1,R,0x80010240,4,0
1,R,0x80010280,4,0
1,R,0x800102c0,4,0
1,R,0x80010300,4,0
1,R,0x80010340,4,0
1,R,0x80010380,4,0
1,R,0x800103c0,4,0
2,R,0x80020000,4,0
2,R,0x80020040,4,0
2,R,0x80020080,4,0
2,R,0x800200c0,4,0
2,R,0x80020100,4,0
2,R,0x80020140,4,0
2,R,0x80020180,4,0
2,R,0x800201c0,4,0
2,R,0x80020200,4,0
2,R,0x80020240,4,0
2,R,0x80020280,4,0
2,R,0x800202c0,4,0
2,R,0x80020300,4,0
2,R,0x80020340,4,0
2,R,0x80020380,4,0
2,R,0x800203c0,4,0
2,R,0x80020000,4,4000
2,R,0x80020000,4,0
2,R,0x80020040,4,0
2,R,0x80020080,4,0
2,R,0x800200c0,4,0
2,R,0x80020100,4,0
2,R,0x80020140,4,0
2,R,0x80020180,4,0
2,R,0x800201c0,4,0
2,R,0x80020200,4,0
2,R,0x80020240,4,0
2,R,0x80020280,4,0
2,R,0x800202c0,4,0
2,R,0x80020300,4,0
2,R,0x80020340,4,0
2,R,0x80020380,4,0
2,R,0x800203c0,4,0
2,R,0x80020000,4,0
2,R,0x80020040,4,0
2,R,0x80020080,4,0
2,R,0x800200c0,4,0
2,R,0x80020100,4,0
2,R,0x80020140,4,0
2,R,0x80020180,4,0
2,R,0x800201c0,4,0
2,R,0x80020200,4,0
2,R,0x80020240,4,0
2,R,0x80020280,4,0
2,R,0x800202c0,4,0
2,R,0x80020300,4,0
2,R,0x80020340,4,0
2,R,0x80020380,4,0
2,R,0x800203c0,4,0
2,R,0x80020000,4,0
2,R,0x80020040,4,0
2,R,0x80020080,4,0
2,R,0x800200c0,4,0
2,R,0x80020100,4,0
2,R,0x80020140,4,0
2,R,0x80020180,4,0
2,R,0x800201c0,4,0
2,R,0x80020200,4,0
2,R,0x80020240,4,0
2,R,0x80020280,4,0
2,R,0x800202c0,4,0
2,R,0x80020300,4,0
2,R,0x80020340,4,0
2,R,0x80020380,4,0
2,R,0x800203c0,4,0
2,R,0x80020000,4,0
2,R,0x80020040,4,0
2,R,0x80020080,4,0
2,R,0x800200c0,4,0
2,R,0x80020100,4,0
2,R,0x80020140,4,0
2,R,0x80020180,4,0
2,R,0x800201c0,4,0
2,R,0x80020200,4,0
2,R,0x80020240,4,0
2,R,0x80020280,4,0
2,R,0x800202c0,4,0
2,R,0x80020300,4,0
2,R,0x80020340,4,0
2,R,0x80020380,4,0
2,R,0x800203c0,4,0
3,R,0x80030000,4,0
3,R,0x80030040,4,0
3,R,0x80030080,4,0
3,R,0x800300c0,4,0
3,R,0x80030100,4,0
3,R,0x80030140,4,0
3,R,0x80030180,4,0
3,R,0x800301c0,4,0
3,R,0x80030200,4,0
3,R,0x80030240,4,0
3,R,0x80030280,4,0
3,R,0x800302c0,4,0
3,R,0x80030300,4,0
3,R,0x80030340,4,0
3,R,0x80030380,4,0
3,R,0x800303c0,4,0
3,R,0x80030000,4,4000
3,R,0x80030000,4,0
3,R,0x80030040,4,0
3,R,0x80030080,4,0
3,R,0x800300c0,4,0
3,R,0x80030100,4,0
3,R,0x80030140,4,0
3,R,0x80030180,4,0
3,R,0x800301c0,4,0
3,R,0x80030200,4,0
3,R,0x80030240,4,0
3,R,0x80030280,4,0
3,R,0x800302c0,4,0
3,R,0x80030300,4,0
3,R,0x80030340,4,0
3,R,0x80030380,4,0
3,R,0x800303c0,4,0
3,R,0x80030000,4,0
3,R,0x80030040,4,0
3,R,0x80030080,4,0
3,R,0x800300c0,4,0
3,R,0x80030100,4,0
3,R,0x80030140,4,0
3,R,0x80030180,4,0
3,R,0x800301c0,4,0
3,R,0x80030200,4,0
3,R,0x80030240,4,0
3,R,0x80030280,4,0
3,R,0x800302c0,4,0
3,R,0x80030300,4,0
3,R,0x80030340,4,0
3,R,0x80030380,4,0
3,R,0x800303c0,4,0
3,R,0x80030000,4,0
3,R,0x80030040,4,0
3,R,0x80030080,4,0
3,R,0x800300c0,4,0
3,R,0x80030100,4,0
3,R,0x80030140,4,0
3,R,0x80030180,4,0
3,R,0x800301c0,4,0
3,R,0x80030200,4,0
3,R,0x80030240,4,0
3,R,0x80030280,4,0
3,R,0x800302c0,4,0
3,R,0x80030300,4,0
3,R,0x80030340,4,0
3,R,0x80030380,4,0
3,R,0x800303c0,4,0
3,R,0x80030000,4,0
3,R,0x80030040,4,0
3,R,0x80030080,4,0
3,R,0x800300c0,4,0
3,R,0x80030100,4,0
3,R,0x80030140,4,0
3,R,0x80030180,4,0
3,R,0x800301c0,4,0
3,R,0x80030200,4,0
3,R,0x80030240,4,0
3,R,0x80030280,4,0
3,R,0x800302c0,4,0
3,R,0x80030300,4,0
3,R,0x80030340,4,0
3,R,0x80030380,4,0
3,R,0x800303c0,4,0
